   0  $accept : %entry% $end

   1  program : rev_program

   2  rev_program :
   3              | rev_program stmt

   4  sdecl : SUB ID LPAREN param_list_opt RPAREN LBRACE stmt_list RBRACE

   5  param_list_opt :
   6                 | param_list

   7  param_list : var_type ID
   8             | param_list COMMA var_type ID

   9  var_type : basic_type
  10           | var_type LBRACKET RBRACKET

  11  basic_type : NUM
  12             | STRING
  13             | FUNC
  14             | MATRIX

  15  stmt_list :
  16            | stmt_list stmt

  17  stmt : LBRACE stmt_list RBRACE
  18       | MATCH LPAREN expr RPAREN LBRACE match_list RBRACE
  19       | assign_stmt
  20       | expr SEMI
  21       | PASS SEMI
  22       | sdecl

  23  match_list : match_list match_cmd

  24  match_cmd : flow_type match_cond QMARK stmt

  25  flow_type :
  26            | CONT
  27            | DONE
  28            | LOOP

  29  match_cond : match_cmp expr
  30             | expr
  31             | TRUE
  32             | ANY
  33             | DEFAULT

  34  match_cmp : NEQ
  35            | LT
  36            | LEQ
  37            | GT
  38            | GEQ

  39  assign_lval : ID
  40              | assign_lval LBRACKET expr RBRACKET

  41  assign_stmt : assign_lval ASSIGN expr SEMI
  42              | CONST ID ASSIGN expr SEMI
  43              | EXTERN assign_lval ASSIGN expr SEMI

  44  expr : LITINT
  45       | LITFLOAT
  46       | LITSTRING
  47       | PIPE func_param_list PIPE POINT PIPE func_expr PIPE
  48       | ID
  49       | expr PLUS expr
  50       | expr MINUS expr
  51       | expr TIMES expr
  52       | expr DIVIDE expr
  53       | expr EXP expr
  54       | expr MOD expr
  55       | expr MATMULT expr
  56       | expr EQ expr
  57       | expr NEQ expr
  58       | expr LT expr
  59       | expr LEQ expr
  60       | expr GT expr
  61       | expr GEQ expr
  62       | expr CONCAT expr
  63       | MINUS expr
  64       | NOT expr
  65       | LPAREN expr RPAREN
  66       | FLOG LPAREN param_list_call RPAREN
  67       | FLN LPAREN param_list_call RPAREN
  68       | FCOS LPAREN param_list_call RPAREN
  69       | FSIN LPAREN param_list_call RPAREN
  70       | ID LPAREN param_list_call RPAREN
  71       | ID LCSUB param_list_call_opt RCSUB
  72       | LBRACKET list_expr_list_opt RBRACKET
  73       | MATRIX matrix_rows_list RBRACKET

  74  func_param_list : ID
  75                  | func_param_list COMMA ID

  76  func_expr : LITINT
  77            | LITFLOAT
  78            | ID
  79            | func_expr PLUS func_expr
  80            | func_expr MINUS func_expr
  81            | func_expr TIMES func_expr
  82            | func_expr DIVIDE func_expr
  83            | func_expr EXP func_expr
  84            | func_expr MOD func_expr
  85            | func_expr EQ func_expr
  86            | func_expr NEQ func_expr
  87            | func_expr LT func_expr
  88            | func_expr LEQ func_expr
  89            | func_expr GT func_expr
  90            | func_expr GEQ func_expr
  91            | MINUS func_expr
  92            | NOT func_expr
  93            | LPAREN func_expr RPAREN
  94            | FLOG LPAREN param_list_call RPAREN
  95            | FLN LPAREN param_list_call RPAREN
  96            | FCOS LPAREN param_list_call RPAREN
  97            | FSIN LPAREN param_list_call RPAREN
  98            | ID LPAREN param_list_call RPAREN

  99  param_list_call_opt :
 100                      | param_list_call

 101  param_list_call : expr
 102                  | param_list_call COMMA expr

 103  list_expr_list_opt :
 104                     | list_expr_list

 105  list_expr_list : expr
 106                 | list_expr_list COMMA expr

 107  matrix_rows_list : matrix_row_contents
 108                   | matrix_rows_list SEMI matrix_row_contents

 109  matrix_row_contents : expr
 110                      | matrix_row_contents COMMA expr

 111  %entry% : '\001' program

state 0
	$accept : . %entry% $end  (0)

	'\001'  shift 1
	.  error

	%entry%  goto 2


state 1
	%entry% : '\001' . program  (111)
	rev_program : .  (2)

	.  reduce 2

	program  goto 3
	rev_program  goto 4


state 2
	$accept : %entry% . $end  (0)

	$end  accept


state 3
	%entry% : '\001' program .  (111)

	.  reduce 111


state 4
	program : rev_program .  (1)
	rev_program : rev_program . stmt  (3)

	LPAREN  shift 5
	LBRACE  shift 6
	LBRACKET  shift 7
	PIPE  shift 8
	MATRIX  shift 9
	MINUS  shift 10
	FLOG  shift 11
	FLN  shift 12
	FCOS  shift 13
	FSIN  shift 14
	NOT  shift 15
	MATCH  shift 16
	PASS  shift 17
	SUB  shift 18
	CONST  shift 19
	EXTERN  shift 20
	LITINT  shift 21
	LITFLOAT  shift 22
	LITSTRING  shift 23
	ID  shift 24
	$end  reduce 1

	stmt  goto 25
	sdecl  goto 26
	expr  goto 27
	assign_stmt  goto 28
	assign_lval  goto 29


state 5
	expr : LPAREN . expr RPAREN  (65)

	LPAREN  shift 5
	LBRACKET  shift 7
	PIPE  shift 8
	MATRIX  shift 9
	MINUS  shift 10
	FLOG  shift 11
	FLN  shift 12
	FCOS  shift 13
	FSIN  shift 14
	NOT  shift 15
	LITINT  shift 21
	LITFLOAT  shift 22
	LITSTRING  shift 23
	ID  shift 30
	.  error

	expr  goto 31


state 6
	stmt : LBRACE . stmt_list RBRACE  (17)
	stmt_list : .  (15)

	.  reduce 15

	stmt_list  goto 32


state 7
	expr : LBRACKET . list_expr_list_opt RBRACKET  (72)
	list_expr_list_opt : .  (103)

	LPAREN  shift 5
	LBRACKET  shift 7
	PIPE  shift 8
	MATRIX  shift 9
	MINUS  shift 10
	FLOG  shift 11
	FLN  shift 12
	FCOS  shift 13
	FSIN  shift 14
	NOT  shift 15
	LITINT  shift 21
	LITFLOAT  shift 22
	LITSTRING  shift 23
	ID  shift 30
	RBRACKET  reduce 103

	expr  goto 33
	list_expr_list_opt  goto 34
	list_expr_list  goto 35


state 8
	expr : PIPE . func_param_list PIPE POINT PIPE func_expr PIPE  (47)

	ID  shift 36
	.  error

	func_param_list  goto 37


state 9
	expr : MATRIX . matrix_rows_list RBRACKET  (73)

	LPAREN  shift 5
	LBRACKET  shift 7
	PIPE  shift 8
	MATRIX  shift 9
	MINUS  shift 10
	FLOG  shift 11
	FLN  shift 12
	FCOS  shift 13
	FSIN  shift 14
	NOT  shift 15
	LITINT  shift 21
	LITFLOAT  shift 22
	LITSTRING  shift 23
	ID  shift 30
	.  error

	expr  goto 38
	matrix_rows_list  goto 39
	matrix_row_contents  goto 40


state 10
	expr : MINUS . expr  (63)

	LPAREN  shift 5
	LBRACKET  shift 7
	PIPE  shift 8
	MATRIX  shift 9
	MINUS  shift 10
	FLOG  shift 11
	FLN  shift 12
	FCOS  shift 13
	FSIN  shift 14
	NOT  shift 15
	LITINT  shift 21
	LITFLOAT  shift 22
	LITSTRING  shift 23
	ID  shift 30
	.  error

	expr  goto 41


state 11
	expr : FLOG . LPAREN param_list_call RPAREN  (66)

	LPAREN  shift 42
	.  error


state 12
	expr : FLN . LPAREN param_list_call RPAREN  (67)

	LPAREN  shift 43
	.  error


state 13
	expr : FCOS . LPAREN param_list_call RPAREN  (68)

	LPAREN  shift 44
	.  error


state 14
	expr : FSIN . LPAREN param_list_call RPAREN  (69)

	LPAREN  shift 45
	.  error


state 15
	expr : NOT . expr  (64)

	LPAREN  shift 5
	LBRACKET  shift 7
	PIPE  shift 8
	MATRIX  shift 9
	MINUS  shift 10
	FLOG  shift 11
	FLN  shift 12
	FCOS  shift 13
	FSIN  shift 14
	NOT  shift 15
	LITINT  shift 21
	LITFLOAT  shift 22
	LITSTRING  shift 23
	ID  shift 30
	.  error

	expr  goto 46


state 16
	stmt : MATCH . LPAREN expr RPAREN LBRACE match_list RBRACE  (18)

	LPAREN  shift 47
	.  error


state 17
	stmt : PASS . SEMI  (21)

	SEMI  shift 48
	.  error


state 18
	sdecl : SUB . ID LPAREN param_list_opt RPAREN LBRACE stmt_list RBRACE  (4)

	ID  shift 49
	.  error


state 19
	assign_stmt : CONST . ID ASSIGN expr SEMI  (42)

	ID  shift 50
	.  error


state 20
	assign_stmt : EXTERN . assign_lval ASSIGN expr SEMI  (43)

	ID  shift 51
	.  error

	assign_lval  goto 52


state 21
	expr : LITINT .  (44)

	.  reduce 44


state 22
	expr : LITFLOAT .  (45)

	.  reduce 45


state 23
	expr : LITSTRING .  (46)

	.  reduce 46


state 24
	assign_lval : ID .  (39)
	expr : ID .  (48)
	expr : ID . LPAREN param_list_call RPAREN  (70)
	expr : ID . LCSUB param_list_call_opt RCSUB  (71)

	LPAREN  shift 53
	LCSUB  shift 54
	LBRACKET  reduce 39
	SEMI  reduce 48
	PLUS  reduce 48
	MINUS  reduce 48
	TIMES  reduce 48
	DIVIDE  reduce 48
	EXP  reduce 48
	MOD  reduce 48
	MATMULT  reduce 48
	ASSIGN  reduce 39
	EQ  reduce 48
	NEQ  reduce 48
	LT  reduce 48
	LEQ  reduce 48
	GT  reduce 48
	GEQ  reduce 48
	CONCAT  reduce 48


state 25
	rev_program : rev_program stmt .  (3)

	.  reduce 3


state 26
	stmt : sdecl .  (22)

	.  reduce 22


state 27
	stmt : expr . SEMI  (20)
	expr : expr . PLUS expr  (49)
	expr : expr . MINUS expr  (50)
	expr : expr . TIMES expr  (51)
	expr : expr . DIVIDE expr  (52)
	expr : expr . EXP expr  (53)
	expr : expr . MOD expr  (54)
	expr : expr . MATMULT expr  (55)
	expr : expr . EQ expr  (56)
	expr : expr . NEQ expr  (57)
	expr : expr . LT expr  (58)
	expr : expr . LEQ expr  (59)
	expr : expr . GT expr  (60)
	expr : expr . GEQ expr  (61)
	expr : expr . CONCAT expr  (62)

	SEMI  shift 55
	PLUS  shift 56
	MINUS  shift 57
	TIMES  shift 58
	DIVIDE  shift 59
	EXP  shift 60
	MOD  shift 61
	MATMULT  shift 62
	EQ  shift 63
	NEQ  shift 64
	LT  shift 65
	LEQ  shift 66
	GT  shift 67
	GEQ  shift 68
	CONCAT  shift 69
	.  error


state 28
	stmt : assign_stmt .  (19)

	.  reduce 19


state 29
	assign_lval : assign_lval . LBRACKET expr RBRACKET  (40)
	assign_stmt : assign_lval . ASSIGN expr SEMI  (41)

	LBRACKET  shift 70
	ASSIGN  shift 71
	.  error


state 30
	expr : ID .  (48)
	expr : ID . LPAREN param_list_call RPAREN  (70)
	expr : ID . LCSUB param_list_call_opt RCSUB  (71)

	LPAREN  shift 53
	LCSUB  shift 54
	RPAREN  reduce 48
	RBRACKET  reduce 48
	RCSUB  reduce 48
	SEMI  reduce 48
	COMMA  reduce 48
	PLUS  reduce 48
	MINUS  reduce 48
	TIMES  reduce 48
	DIVIDE  reduce 48
	EXP  reduce 48
	MOD  reduce 48
	MATMULT  reduce 48
	EQ  reduce 48
	NEQ  reduce 48
	LT  reduce 48
	LEQ  reduce 48
	GT  reduce 48
	GEQ  reduce 48
	CONCAT  reduce 48
	QMARK  reduce 48


state 31
	expr : expr . PLUS expr  (49)
	expr : expr . MINUS expr  (50)
	expr : expr . TIMES expr  (51)
	expr : expr . DIVIDE expr  (52)
	expr : expr . EXP expr  (53)
	expr : expr . MOD expr  (54)
	expr : expr . MATMULT expr  (55)
	expr : expr . EQ expr  (56)
	expr : expr . NEQ expr  (57)
	expr : expr . LT expr  (58)
	expr : expr . LEQ expr  (59)
	expr : expr . GT expr  (60)
	expr : expr . GEQ expr  (61)
	expr : expr . CONCAT expr  (62)
	expr : LPAREN expr . RPAREN  (65)

	RPAREN  shift 72
	PLUS  shift 56
	MINUS  shift 57
	TIMES  shift 58
	DIVIDE  shift 59
	EXP  shift 60
	MOD  shift 61
	MATMULT  shift 62
	EQ  shift 63
	NEQ  shift 64
	LT  shift 65
	LEQ  shift 66
	GT  shift 67
	GEQ  shift 68
	CONCAT  shift 69
	.  error


state 32
	stmt_list : stmt_list . stmt  (16)
	stmt : LBRACE stmt_list . RBRACE  (17)

	LPAREN  shift 5
	LBRACE  shift 6
	RBRACE  shift 73
	LBRACKET  shift 7
	PIPE  shift 8
	MATRIX  shift 9
	MINUS  shift 10
	FLOG  shift 11
	FLN  shift 12
	FCOS  shift 13
	FSIN  shift 14
	NOT  shift 15
	MATCH  shift 16
	PASS  shift 17
	SUB  shift 18
	CONST  shift 19
	EXTERN  shift 20
	LITINT  shift 21
	LITFLOAT  shift 22
	LITSTRING  shift 23
	ID  shift 24
	.  error

	stmt  goto 74
	sdecl  goto 26
	expr  goto 27
	assign_stmt  goto 28
	assign_lval  goto 29


state 33
	expr : expr . PLUS expr  (49)
	expr : expr . MINUS expr  (50)
	expr : expr . TIMES expr  (51)
	expr : expr . DIVIDE expr  (52)
	expr : expr . EXP expr  (53)
	expr : expr . MOD expr  (54)
	expr : expr . MATMULT expr  (55)
	expr : expr . EQ expr  (56)
	expr : expr . NEQ expr  (57)
	expr : expr . LT expr  (58)
	expr : expr . LEQ expr  (59)
	expr : expr . GT expr  (60)
	expr : expr . GEQ expr  (61)
	expr : expr . CONCAT expr  (62)
	list_expr_list : expr .  (105)

	PLUS  shift 56
	MINUS  shift 57
	TIMES  shift 58
	DIVIDE  shift 59
	EXP  shift 60
	MOD  shift 61
	MATMULT  shift 62
	EQ  shift 63
	NEQ  shift 64
	LT  shift 65
	LEQ  shift 66
	GT  shift 67
	GEQ  shift 68
	CONCAT  shift 69
	RBRACKET  reduce 105
	COMMA  reduce 105


state 34
	expr : LBRACKET list_expr_list_opt . RBRACKET  (72)

	RBRACKET  shift 75
	.  error


state 35
	list_expr_list_opt : list_expr_list .  (104)
	list_expr_list : list_expr_list . COMMA expr  (106)

	COMMA  shift 76
	RBRACKET  reduce 104


state 36
	func_param_list : ID .  (74)

	.  reduce 74


state 37
	expr : PIPE func_param_list . PIPE POINT PIPE func_expr PIPE  (47)
	func_param_list : func_param_list . COMMA ID  (75)

	PIPE  shift 77
	COMMA  shift 78
	.  error


state 38
	expr : expr . PLUS expr  (49)
	expr : expr . MINUS expr  (50)
	expr : expr . TIMES expr  (51)
	expr : expr . DIVIDE expr  (52)
	expr : expr . EXP expr  (53)
	expr : expr . MOD expr  (54)
	expr : expr . MATMULT expr  (55)
	expr : expr . EQ expr  (56)
	expr : expr . NEQ expr  (57)
	expr : expr . LT expr  (58)
	expr : expr . LEQ expr  (59)
	expr : expr . GT expr  (60)
	expr : expr . GEQ expr  (61)
	expr : expr . CONCAT expr  (62)
	matrix_row_contents : expr .  (109)

	PLUS  shift 56
	MINUS  shift 57
	TIMES  shift 58
	DIVIDE  shift 59
	EXP  shift 60
	MOD  shift 61
	MATMULT  shift 62
	EQ  shift 63
	NEQ  shift 64
	LT  shift 65
	LEQ  shift 66
	GT  shift 67
	GEQ  shift 68
	CONCAT  shift 69
	RBRACKET  reduce 109
	SEMI  reduce 109
	COMMA  reduce 109


state 39
	expr : MATRIX matrix_rows_list . RBRACKET  (73)
	matrix_rows_list : matrix_rows_list . SEMI matrix_row_contents  (108)

	RBRACKET  shift 79
	SEMI  shift 80
	.  error


state 40
	matrix_rows_list : matrix_row_contents .  (107)
	matrix_row_contents : matrix_row_contents . COMMA expr  (110)

	COMMA  shift 81
	RBRACKET  reduce 107
	SEMI  reduce 107


state 41
	expr : expr . PLUS expr  (49)
	expr : expr . MINUS expr  (50)
	expr : expr . TIMES expr  (51)
	expr : expr . DIVIDE expr  (52)
	expr : expr . EXP expr  (53)
	expr : expr . MOD expr  (54)
	expr : expr . MATMULT expr  (55)
	expr : expr . EQ expr  (56)
	expr : expr . NEQ expr  (57)
	expr : expr . LT expr  (58)
	expr : expr . LEQ expr  (59)
	expr : expr . GT expr  (60)
	expr : expr . GEQ expr  (61)
	expr : expr . CONCAT expr  (62)
	expr : MINUS expr .  (63)

	TIMES  shift 58
	DIVIDE  shift 59
	EXP  shift 60
	MOD  shift 61
	MATMULT  shift 62
	RPAREN  reduce 63
	RBRACKET  reduce 63
	RCSUB  reduce 63
	SEMI  reduce 63
	COMMA  reduce 63
	PLUS  reduce 63
	MINUS  reduce 63
	EQ  reduce 63
	NEQ  reduce 63
	LT  reduce 63
	LEQ  reduce 63
	GT  reduce 63
	GEQ  reduce 63
	CONCAT  reduce 63
	QMARK  reduce 63


state 42
	expr : FLOG LPAREN . param_list_call RPAREN  (66)

	LPAREN  shift 5
	LBRACKET  shift 7
	PIPE  shift 8
	MATRIX  shift 9
	MINUS  shift 10
	FLOG  shift 11
	FLN  shift 12
	FCOS  shift 13
	FSIN  shift 14
	NOT  shift 15
	LITINT  shift 21
	LITFLOAT  shift 22
	LITSTRING  shift 23
	ID  shift 30
	.  error

	expr  goto 82
	param_list_call  goto 83


state 43
	expr : FLN LPAREN . param_list_call RPAREN  (67)

	LPAREN  shift 5
	LBRACKET  shift 7
	PIPE  shift 8
	MATRIX  shift 9
	MINUS  shift 10
	FLOG  shift 11
	FLN  shift 12
	FCOS  shift 13
	FSIN  shift 14
	NOT  shift 15
	LITINT  shift 21
	LITFLOAT  shift 22
	LITSTRING  shift 23
	ID  shift 30
	.  error

	expr  goto 82
	param_list_call  goto 84


state 44
	expr : FCOS LPAREN . param_list_call RPAREN  (68)

	LPAREN  shift 5
	LBRACKET  shift 7
	PIPE  shift 8
	MATRIX  shift 9
	MINUS  shift 10
	FLOG  shift 11
	FLN  shift 12
	FCOS  shift 13
	FSIN  shift 14
	NOT  shift 15
	LITINT  shift 21
	LITFLOAT  shift 22
	LITSTRING  shift 23
	ID  shift 30
	.  error

	expr  goto 82
	param_list_call  goto 85


state 45
	expr : FSIN LPAREN . param_list_call RPAREN  (69)

	LPAREN  shift 5
	LBRACKET  shift 7
	PIPE  shift 8
	MATRIX  shift 9
	MINUS  shift 10
	FLOG  shift 11
	FLN  shift 12
	FCOS  shift 13
	FSIN  shift 14
	NOT  shift 15
	LITINT  shift 21
	LITFLOAT  shift 22
	LITSTRING  shift 23
	ID  shift 30
	.  error

	expr  goto 82
	param_list_call  goto 86


state 46
	expr : expr . PLUS expr  (49)
	expr : expr . MINUS expr  (50)
	expr : expr . TIMES expr  (51)
	expr : expr . DIVIDE expr  (52)
	expr : expr . EXP expr  (53)
	expr : expr . MOD expr  (54)
	expr : expr . MATMULT expr  (55)
	expr : expr . EQ expr  (56)
	expr : expr . NEQ expr  (57)
	expr : expr . LT expr  (58)
	expr : expr . LEQ expr  (59)
	expr : expr . GT expr  (60)
	expr : expr . GEQ expr  (61)
	expr : expr . CONCAT expr  (62)
	expr : NOT expr .  (64)

	.  reduce 64


state 47
	stmt : MATCH LPAREN . expr RPAREN LBRACE match_list RBRACE  (18)

	LPAREN  shift 5
	LBRACKET  shift 7
	PIPE  shift 8
	MATRIX  shift 9
	MINUS  shift 10
	FLOG  shift 11
	FLN  shift 12
	FCOS  shift 13
	FSIN  shift 14
	NOT  shift 15
	LITINT  shift 21
	LITFLOAT  shift 22
	LITSTRING  shift 23
	ID  shift 30
	.  error

	expr  goto 87


state 48
	stmt : PASS SEMI .  (21)

	.  reduce 21


state 49
	sdecl : SUB ID . LPAREN param_list_opt RPAREN LBRACE stmt_list RBRACE  (4)

	LPAREN  shift 88
	.  error


state 50
	assign_stmt : CONST ID . ASSIGN expr SEMI  (42)

	ASSIGN  shift 89
	.  error


state 51
	assign_lval : ID .  (39)

	.  reduce 39


state 52
	assign_lval : assign_lval . LBRACKET expr RBRACKET  (40)
	assign_stmt : EXTERN assign_lval . ASSIGN expr SEMI  (43)

	LBRACKET  shift 70
	ASSIGN  shift 90
	.  error


state 53
	expr : ID LPAREN . param_list_call RPAREN  (70)

	LPAREN  shift 5
	LBRACKET  shift 7
	PIPE  shift 8
	MATRIX  shift 9
	MINUS  shift 10
	FLOG  shift 11
	FLN  shift 12
	FCOS  shift 13
	FSIN  shift 14
	NOT  shift 15
	LITINT  shift 21
	LITFLOAT  shift 22
	LITSTRING  shift 23
	ID  shift 30
	.  error

	expr  goto 82
	param_list_call  goto 91


state 54
	expr : ID LCSUB . param_list_call_opt RCSUB  (71)
	param_list_call_opt : .  (99)

	LPAREN  shift 5
	LBRACKET  shift 7
	PIPE  shift 8
	MATRIX  shift 9
	MINUS  shift 10
	FLOG  shift 11
	FLN  shift 12
	FCOS  shift 13
	FSIN  shift 14
	NOT  shift 15
	LITINT  shift 21
	LITFLOAT  shift 22
	LITSTRING  shift 23
	ID  shift 30
	RCSUB  reduce 99

	expr  goto 82
	param_list_call  goto 92
	param_list_call_opt  goto 93


state 55
	stmt : expr SEMI .  (20)

	.  reduce 20


state 56
	expr : expr PLUS . expr  (49)

	LPAREN  shift 5
	LBRACKET  shift 7
	PIPE  shift 8
	MATRIX  shift 9
	MINUS  shift 10
	FLOG  shift 11
	FLN  shift 12
	FCOS  shift 13
	FSIN  shift 14
	NOT  shift 15
	LITINT  shift 21
	LITFLOAT  shift 22
	LITSTRING  shift 23
	ID  shift 30
	.  error

	expr  goto 94


state 57
	expr : expr MINUS . expr  (50)

	LPAREN  shift 5
	LBRACKET  shift 7
	PIPE  shift 8
	MATRIX  shift 9
	MINUS  shift 10
	FLOG  shift 11
	FLN  shift 12
	FCOS  shift 13
	FSIN  shift 14
	NOT  shift 15
	LITINT  shift 21
	LITFLOAT  shift 22
	LITSTRING  shift 23
	ID  shift 30
	.  error

	expr  goto 95


state 58
	expr : expr TIMES . expr  (51)

	LPAREN  shift 5
	LBRACKET  shift 7
	PIPE  shift 8
	MATRIX  shift 9
	MINUS  shift 10
	FLOG  shift 11
	FLN  shift 12
	FCOS  shift 13
	FSIN  shift 14
	NOT  shift 15
	LITINT  shift 21
	LITFLOAT  shift 22
	LITSTRING  shift 23
	ID  shift 30
	.  error

	expr  goto 96


state 59
	expr : expr DIVIDE . expr  (52)

	LPAREN  shift 5
	LBRACKET  shift 7
	PIPE  shift 8
	MATRIX  shift 9
	MINUS  shift 10
	FLOG  shift 11
	FLN  shift 12
	FCOS  shift 13
	FSIN  shift 14
	NOT  shift 15
	LITINT  shift 21
	LITFLOAT  shift 22
	LITSTRING  shift 23
	ID  shift 30
	.  error

	expr  goto 97


state 60
	expr : expr EXP . expr  (53)

	LPAREN  shift 5
	LBRACKET  shift 7
	PIPE  shift 8
	MATRIX  shift 9
	MINUS  shift 10
	FLOG  shift 11
	FLN  shift 12
	FCOS  shift 13
	FSIN  shift 14
	NOT  shift 15
	LITINT  shift 21
	LITFLOAT  shift 22
	LITSTRING  shift 23
	ID  shift 30
	.  error

	expr  goto 98


state 61
	expr : expr MOD . expr  (54)

	LPAREN  shift 5
	LBRACKET  shift 7
	PIPE  shift 8
	MATRIX  shift 9
	MINUS  shift 10
	FLOG  shift 11
	FLN  shift 12
	FCOS  shift 13
	FSIN  shift 14
	NOT  shift 15
	LITINT  shift 21
	LITFLOAT  shift 22
	LITSTRING  shift 23
	ID  shift 30
	.  error

	expr  goto 99


state 62
	expr : expr MATMULT . expr  (55)

	LPAREN  shift 5
	LBRACKET  shift 7
	PIPE  shift 8
	MATRIX  shift 9
	MINUS  shift 10
	FLOG  shift 11
	FLN  shift 12
	FCOS  shift 13
	FSIN  shift 14
	NOT  shift 15
	LITINT  shift 21
	LITFLOAT  shift 22
	LITSTRING  shift 23
	ID  shift 30
	.  error

	expr  goto 100


state 63
	expr : expr EQ . expr  (56)

	LPAREN  shift 5
	LBRACKET  shift 7
	PIPE  shift 8
	MATRIX  shift 9
	MINUS  shift 10
	FLOG  shift 11
	FLN  shift 12
	FCOS  shift 13
	FSIN  shift 14
	NOT  shift 15
	LITINT  shift 21
	LITFLOAT  shift 22
	LITSTRING  shift 23
	ID  shift 30
	.  error

	expr  goto 101


state 64
	expr : expr NEQ . expr  (57)

	LPAREN  shift 5
	LBRACKET  shift 7
	PIPE  shift 8
	MATRIX  shift 9
	MINUS  shift 10
	FLOG  shift 11
	FLN  shift 12
	FCOS  shift 13
	FSIN  shift 14
	NOT  shift 15
	LITINT  shift 21
	LITFLOAT  shift 22
	LITSTRING  shift 23
	ID  shift 30
	.  error

	expr  goto 102


state 65
	expr : expr LT . expr  (58)

	LPAREN  shift 5
	LBRACKET  shift 7
	PIPE  shift 8
	MATRIX  shift 9
	MINUS  shift 10
	FLOG  shift 11
	FLN  shift 12
	FCOS  shift 13
	FSIN  shift 14
	NOT  shift 15
	LITINT  shift 21
	LITFLOAT  shift 22
	LITSTRING  shift 23
	ID  shift 30
	.  error

	expr  goto 103


state 66
	expr : expr LEQ . expr  (59)

	LPAREN  shift 5
	LBRACKET  shift 7
	PIPE  shift 8
	MATRIX  shift 9
	MINUS  shift 10
	FLOG  shift 11
	FLN  shift 12
	FCOS  shift 13
	FSIN  shift 14
	NOT  shift 15
	LITINT  shift 21
	LITFLOAT  shift 22
	LITSTRING  shift 23
	ID  shift 30
	.  error

	expr  goto 104


state 67
	expr : expr GT . expr  (60)

	LPAREN  shift 5
	LBRACKET  shift 7
	PIPE  shift 8
	MATRIX  shift 9
	MINUS  shift 10
	FLOG  shift 11
	FLN  shift 12
	FCOS  shift 13
	FSIN  shift 14
	NOT  shift 15
	LITINT  shift 21
	LITFLOAT  shift 22
	LITSTRING  shift 23
	ID  shift 30
	.  error

	expr  goto 105


state 68
	expr : expr GEQ . expr  (61)

	LPAREN  shift 5
	LBRACKET  shift 7
	PIPE  shift 8
	MATRIX  shift 9
	MINUS  shift 10
	FLOG  shift 11
	FLN  shift 12
	FCOS  shift 13
	FSIN  shift 14
	NOT  shift 15
	LITINT  shift 21
	LITFLOAT  shift 22
	LITSTRING  shift 23
	ID  shift 30
	.  error

	expr  goto 106


state 69
	expr : expr CONCAT . expr  (62)

	LPAREN  shift 5
	LBRACKET  shift 7
	PIPE  shift 8
	MATRIX  shift 9
	MINUS  shift 10
	FLOG  shift 11
	FLN  shift 12
	FCOS  shift 13
	FSIN  shift 14
	NOT  shift 15
	LITINT  shift 21
	LITFLOAT  shift 22
	LITSTRING  shift 23
	ID  shift 30
	.  error

	expr  goto 107


state 70
	assign_lval : assign_lval LBRACKET . expr RBRACKET  (40)

	LPAREN  shift 5
	LBRACKET  shift 7
	PIPE  shift 8
	MATRIX  shift 9
	MINUS  shift 10
	FLOG  shift 11
	FLN  shift 12
	FCOS  shift 13
	FSIN  shift 14
	NOT  shift 15
	LITINT  shift 21
	LITFLOAT  shift 22
	LITSTRING  shift 23
	ID  shift 30
	.  error

	expr  goto 108


state 71
	assign_stmt : assign_lval ASSIGN . expr SEMI  (41)

	LPAREN  shift 5
	LBRACKET  shift 7
	PIPE  shift 8
	MATRIX  shift 9
	MINUS  shift 10
	FLOG  shift 11
	FLN  shift 12
	FCOS  shift 13
	FSIN  shift 14
	NOT  shift 15
	LITINT  shift 21
	LITFLOAT  shift 22
	LITSTRING  shift 23
	ID  shift 30
	.  error

	expr  goto 109


state 72
	expr : LPAREN expr RPAREN .  (65)

	.  reduce 65


state 73
	stmt : LBRACE stmt_list RBRACE .  (17)

	.  reduce 17


state 74
	stmt_list : stmt_list stmt .  (16)

	.  reduce 16


state 75
	expr : LBRACKET list_expr_list_opt RBRACKET .  (72)

	.  reduce 72


state 76
	list_expr_list : list_expr_list COMMA . expr  (106)

	LPAREN  shift 5
	LBRACKET  shift 7
	PIPE  shift 8
	MATRIX  shift 9
	MINUS  shift 10
	FLOG  shift 11
	FLN  shift 12
	FCOS  shift 13
	FSIN  shift 14
	NOT  shift 15
	LITINT  shift 21
	LITFLOAT  shift 22
	LITSTRING  shift 23
	ID  shift 30
	.  error

	expr  goto 110


state 77
	expr : PIPE func_param_list PIPE . POINT PIPE func_expr PIPE  (47)

	POINT  shift 111
	.  error


state 78
	func_param_list : func_param_list COMMA . ID  (75)

	ID  shift 112
	.  error


state 79
	expr : MATRIX matrix_rows_list RBRACKET .  (73)

	.  reduce 73


state 80
	matrix_rows_list : matrix_rows_list SEMI . matrix_row_contents  (108)

	LPAREN  shift 5
	LBRACKET  shift 7
	PIPE  shift 8
	MATRIX  shift 9
	MINUS  shift 10
	FLOG  shift 11
	FLN  shift 12
	FCOS  shift 13
	FSIN  shift 14
	NOT  shift 15
	LITINT  shift 21
	LITFLOAT  shift 22
	LITSTRING  shift 23
	ID  shift 30
	.  error

	expr  goto 38
	matrix_row_contents  goto 113


state 81
	matrix_row_contents : matrix_row_contents COMMA . expr  (110)

	LPAREN  shift 5
	LBRACKET  shift 7
	PIPE  shift 8
	MATRIX  shift 9
	MINUS  shift 10
	FLOG  shift 11
	FLN  shift 12
	FCOS  shift 13
	FSIN  shift 14
	NOT  shift 15
	LITINT  shift 21
	LITFLOAT  shift 22
	LITSTRING  shift 23
	ID  shift 30
	.  error

	expr  goto 114


state 82
	expr : expr . PLUS expr  (49)
	expr : expr . MINUS expr  (50)
	expr : expr . TIMES expr  (51)
	expr : expr . DIVIDE expr  (52)
	expr : expr . EXP expr  (53)
	expr : expr . MOD expr  (54)
	expr : expr . MATMULT expr  (55)
	expr : expr . EQ expr  (56)
	expr : expr . NEQ expr  (57)
	expr : expr . LT expr  (58)
	expr : expr . LEQ expr  (59)
	expr : expr . GT expr  (60)
	expr : expr . GEQ expr  (61)
	expr : expr . CONCAT expr  (62)
	param_list_call : expr .  (101)

	PLUS  shift 56
	MINUS  shift 57
	TIMES  shift 58
	DIVIDE  shift 59
	EXP  shift 60
	MOD  shift 61
	MATMULT  shift 62
	EQ  shift 63
	NEQ  shift 64
	LT  shift 65
	LEQ  shift 66
	GT  shift 67
	GEQ  shift 68
	CONCAT  shift 69
	RPAREN  reduce 101
	RCSUB  reduce 101
	COMMA  reduce 101


state 83
	expr : FLOG LPAREN param_list_call . RPAREN  (66)
	param_list_call : param_list_call . COMMA expr  (102)

	RPAREN  shift 115
	COMMA  shift 116
	.  error


state 84
	expr : FLN LPAREN param_list_call . RPAREN  (67)
	param_list_call : param_list_call . COMMA expr  (102)

	RPAREN  shift 117
	COMMA  shift 116
	.  error


state 85
	expr : FCOS LPAREN param_list_call . RPAREN  (68)
	param_list_call : param_list_call . COMMA expr  (102)

	RPAREN  shift 118
	COMMA  shift 116
	.  error


state 86
	expr : FSIN LPAREN param_list_call . RPAREN  (69)
	param_list_call : param_list_call . COMMA expr  (102)

	RPAREN  shift 119
	COMMA  shift 116
	.  error


state 87
	stmt : MATCH LPAREN expr . RPAREN LBRACE match_list RBRACE  (18)
	expr : expr . PLUS expr  (49)
	expr : expr . MINUS expr  (50)
	expr : expr . TIMES expr  (51)
	expr : expr . DIVIDE expr  (52)
	expr : expr . EXP expr  (53)
	expr : expr . MOD expr  (54)
	expr : expr . MATMULT expr  (55)
	expr : expr . EQ expr  (56)
	expr : expr . NEQ expr  (57)
	expr : expr . LT expr  (58)
	expr : expr . LEQ expr  (59)
	expr : expr . GT expr  (60)
	expr : expr . GEQ expr  (61)
	expr : expr . CONCAT expr  (62)

	RPAREN  shift 120
	PLUS  shift 56
	MINUS  shift 57
	TIMES  shift 58
	DIVIDE  shift 59
	EXP  shift 60
	MOD  shift 61
	MATMULT  shift 62
	EQ  shift 63
	NEQ  shift 64
	LT  shift 65
	LEQ  shift 66
	GT  shift 67
	GEQ  shift 68
	CONCAT  shift 69
	.  error


state 88
	sdecl : SUB ID LPAREN . param_list_opt RPAREN LBRACE stmt_list RBRACE  (4)
	param_list_opt : .  (5)

	MATRIX  shift 121
	NUM  shift 122
	STRING  shift 123
	FUNC  shift 124
	RPAREN  reduce 5

	param_list_opt  goto 125
	param_list  goto 126
	var_type  goto 127
	basic_type  goto 128


state 89
	assign_stmt : CONST ID ASSIGN . expr SEMI  (42)

	LPAREN  shift 5
	LBRACKET  shift 7
	PIPE  shift 8
	MATRIX  shift 9
	MINUS  shift 10
	FLOG  shift 11
	FLN  shift 12
	FCOS  shift 13
	FSIN  shift 14
	NOT  shift 15
	LITINT  shift 21
	LITFLOAT  shift 22
	LITSTRING  shift 23
	ID  shift 30
	.  error

	expr  goto 129


state 90
	assign_stmt : EXTERN assign_lval ASSIGN . expr SEMI  (43)

	LPAREN  shift 5
	LBRACKET  shift 7
	PIPE  shift 8
	MATRIX  shift 9
	MINUS  shift 10
	FLOG  shift 11
	FLN  shift 12
	FCOS  shift 13
	FSIN  shift 14
	NOT  shift 15
	LITINT  shift 21
	LITFLOAT  shift 22
	LITSTRING  shift 23
	ID  shift 30
	.  error

	expr  goto 130


state 91
	expr : ID LPAREN param_list_call . RPAREN  (70)
	param_list_call : param_list_call . COMMA expr  (102)

	RPAREN  shift 131
	COMMA  shift 116
	.  error


state 92
	param_list_call_opt : param_list_call .  (100)
	param_list_call : param_list_call . COMMA expr  (102)

	COMMA  shift 116
	RCSUB  reduce 100


state 93
	expr : ID LCSUB param_list_call_opt . RCSUB  (71)

	RCSUB  shift 132
	.  error


state 94
	expr : expr . PLUS expr  (49)
	expr : expr PLUS expr .  (49)
	expr : expr . MINUS expr  (50)
	expr : expr . TIMES expr  (51)
	expr : expr . DIVIDE expr  (52)
	expr : expr . EXP expr  (53)
	expr : expr . MOD expr  (54)
	expr : expr . MATMULT expr  (55)
	expr : expr . EQ expr  (56)
	expr : expr . NEQ expr  (57)
	expr : expr . LT expr  (58)
	expr : expr . LEQ expr  (59)
	expr : expr . GT expr  (60)
	expr : expr . GEQ expr  (61)
	expr : expr . CONCAT expr  (62)

	TIMES  shift 58
	DIVIDE  shift 59
	EXP  shift 60
	MOD  shift 61
	MATMULT  shift 62
	RPAREN  reduce 49
	RBRACKET  reduce 49
	RCSUB  reduce 49
	SEMI  reduce 49
	COMMA  reduce 49
	PLUS  reduce 49
	MINUS  reduce 49
	EQ  reduce 49
	NEQ  reduce 49
	LT  reduce 49
	LEQ  reduce 49
	GT  reduce 49
	GEQ  reduce 49
	CONCAT  reduce 49
	QMARK  reduce 49


state 95
	expr : expr . PLUS expr  (49)
	expr : expr . MINUS expr  (50)
	expr : expr MINUS expr .  (50)
	expr : expr . TIMES expr  (51)
	expr : expr . DIVIDE expr  (52)
	expr : expr . EXP expr  (53)
	expr : expr . MOD expr  (54)
	expr : expr . MATMULT expr  (55)
	expr : expr . EQ expr  (56)
	expr : expr . NEQ expr  (57)
	expr : expr . LT expr  (58)
	expr : expr . LEQ expr  (59)
	expr : expr . GT expr  (60)
	expr : expr . GEQ expr  (61)
	expr : expr . CONCAT expr  (62)

	TIMES  shift 58
	DIVIDE  shift 59
	EXP  shift 60
	MOD  shift 61
	MATMULT  shift 62
	RPAREN  reduce 50
	RBRACKET  reduce 50
	RCSUB  reduce 50
	SEMI  reduce 50
	COMMA  reduce 50
	PLUS  reduce 50
	MINUS  reduce 50
	EQ  reduce 50
	NEQ  reduce 50
	LT  reduce 50
	LEQ  reduce 50
	GT  reduce 50
	GEQ  reduce 50
	CONCAT  reduce 50
	QMARK  reduce 50


state 96
	expr : expr . PLUS expr  (49)
	expr : expr . MINUS expr  (50)
	expr : expr . TIMES expr  (51)
	expr : expr TIMES expr .  (51)
	expr : expr . DIVIDE expr  (52)
	expr : expr . EXP expr  (53)
	expr : expr . MOD expr  (54)
	expr : expr . MATMULT expr  (55)
	expr : expr . EQ expr  (56)
	expr : expr . NEQ expr  (57)
	expr : expr . LT expr  (58)
	expr : expr . LEQ expr  (59)
	expr : expr . GT expr  (60)
	expr : expr . GEQ expr  (61)
	expr : expr . CONCAT expr  (62)

	EXP  shift 60
	RPAREN  reduce 51
	RBRACKET  reduce 51
	RCSUB  reduce 51
	SEMI  reduce 51
	COMMA  reduce 51
	PLUS  reduce 51
	MINUS  reduce 51
	TIMES  reduce 51
	DIVIDE  reduce 51
	MOD  reduce 51
	MATMULT  reduce 51
	EQ  reduce 51
	NEQ  reduce 51
	LT  reduce 51
	LEQ  reduce 51
	GT  reduce 51
	GEQ  reduce 51
	CONCAT  reduce 51
	QMARK  reduce 51


state 97
	expr : expr . PLUS expr  (49)
	expr : expr . MINUS expr  (50)
	expr : expr . TIMES expr  (51)
	expr : expr . DIVIDE expr  (52)
	expr : expr DIVIDE expr .  (52)
	expr : expr . EXP expr  (53)
	expr : expr . MOD expr  (54)
	expr : expr . MATMULT expr  (55)
	expr : expr . EQ expr  (56)
	expr : expr . NEQ expr  (57)
	expr : expr . LT expr  (58)
	expr : expr . LEQ expr  (59)
	expr : expr . GT expr  (60)
	expr : expr . GEQ expr  (61)
	expr : expr . CONCAT expr  (62)

	EXP  shift 60
	RPAREN  reduce 52
	RBRACKET  reduce 52
	RCSUB  reduce 52
	SEMI  reduce 52
	COMMA  reduce 52
	PLUS  reduce 52
	MINUS  reduce 52
	TIMES  reduce 52
	DIVIDE  reduce 52
	MOD  reduce 52
	MATMULT  reduce 52
	EQ  reduce 52
	NEQ  reduce 52
	LT  reduce 52
	LEQ  reduce 52
	GT  reduce 52
	GEQ  reduce 52
	CONCAT  reduce 52
	QMARK  reduce 52


state 98
	expr : expr . PLUS expr  (49)
	expr : expr . MINUS expr  (50)
	expr : expr . TIMES expr  (51)
	expr : expr . DIVIDE expr  (52)
	expr : expr . EXP expr  (53)
	expr : expr EXP expr .  (53)
	expr : expr . MOD expr  (54)
	expr : expr . MATMULT expr  (55)
	expr : expr . EQ expr  (56)
	expr : expr . NEQ expr  (57)
	expr : expr . LT expr  (58)
	expr : expr . LEQ expr  (59)
	expr : expr . GT expr  (60)
	expr : expr . GEQ expr  (61)
	expr : expr . CONCAT expr  (62)

	EXP  shift 60
	RPAREN  reduce 53
	RBRACKET  reduce 53
	RCSUB  reduce 53
	SEMI  reduce 53
	COMMA  reduce 53
	PLUS  reduce 53
	MINUS  reduce 53
	TIMES  reduce 53
	DIVIDE  reduce 53
	MOD  reduce 53
	MATMULT  reduce 53
	EQ  reduce 53
	NEQ  reduce 53
	LT  reduce 53
	LEQ  reduce 53
	GT  reduce 53
	GEQ  reduce 53
	CONCAT  reduce 53
	QMARK  reduce 53


state 99
	expr : expr . PLUS expr  (49)
	expr : expr . MINUS expr  (50)
	expr : expr . TIMES expr  (51)
	expr : expr . DIVIDE expr  (52)
	expr : expr . EXP expr  (53)
	expr : expr . MOD expr  (54)
	expr : expr MOD expr .  (54)
	expr : expr . MATMULT expr  (55)
	expr : expr . EQ expr  (56)
	expr : expr . NEQ expr  (57)
	expr : expr . LT expr  (58)
	expr : expr . LEQ expr  (59)
	expr : expr . GT expr  (60)
	expr : expr . GEQ expr  (61)
	expr : expr . CONCAT expr  (62)

	EXP  shift 60
	RPAREN  reduce 54
	RBRACKET  reduce 54
	RCSUB  reduce 54
	SEMI  reduce 54
	COMMA  reduce 54
	PLUS  reduce 54
	MINUS  reduce 54
	TIMES  reduce 54
	DIVIDE  reduce 54
	MOD  reduce 54
	MATMULT  reduce 54
	EQ  reduce 54
	NEQ  reduce 54
	LT  reduce 54
	LEQ  reduce 54
	GT  reduce 54
	GEQ  reduce 54
	CONCAT  reduce 54
	QMARK  reduce 54


state 100
	expr : expr . PLUS expr  (49)
	expr : expr . MINUS expr  (50)
	expr : expr . TIMES expr  (51)
	expr : expr . DIVIDE expr  (52)
	expr : expr . EXP expr  (53)
	expr : expr . MOD expr  (54)
	expr : expr . MATMULT expr  (55)
	expr : expr MATMULT expr .  (55)
	expr : expr . EQ expr  (56)
	expr : expr . NEQ expr  (57)
	expr : expr . LT expr  (58)
	expr : expr . LEQ expr  (59)
	expr : expr . GT expr  (60)
	expr : expr . GEQ expr  (61)
	expr : expr . CONCAT expr  (62)

	EXP  shift 60
	RPAREN  reduce 55
	RBRACKET  reduce 55
	RCSUB  reduce 55
	SEMI  reduce 55
	COMMA  reduce 55
	PLUS  reduce 55
	MINUS  reduce 55
	TIMES  reduce 55
	DIVIDE  reduce 55
	MOD  reduce 55
	MATMULT  reduce 55
	EQ  reduce 55
	NEQ  reduce 55
	LT  reduce 55
	LEQ  reduce 55
	GT  reduce 55
	GEQ  reduce 55
	CONCAT  reduce 55
	QMARK  reduce 55


state 101
	expr : expr . PLUS expr  (49)
	expr : expr . MINUS expr  (50)
	expr : expr . TIMES expr  (51)
	expr : expr . DIVIDE expr  (52)
	expr : expr . EXP expr  (53)
	expr : expr . MOD expr  (54)
	expr : expr . MATMULT expr  (55)
	expr : expr . EQ expr  (56)
	expr : expr EQ expr .  (56)
	expr : expr . NEQ expr  (57)
	expr : expr . LT expr  (58)
	expr : expr . LEQ expr  (59)
	expr : expr . GT expr  (60)
	expr : expr . GEQ expr  (61)
	expr : expr . CONCAT expr  (62)

	PLUS  shift 56
	MINUS  shift 57
	TIMES  shift 58
	DIVIDE  shift 59
	EXP  shift 60
	MOD  shift 61
	MATMULT  shift 62
	LT  shift 65
	LEQ  shift 66
	GT  shift 67
	GEQ  shift 68
	CONCAT  shift 69
	RPAREN  reduce 56
	RBRACKET  reduce 56
	RCSUB  reduce 56
	SEMI  reduce 56
	COMMA  reduce 56
	EQ  reduce 56
	NEQ  reduce 56
	QMARK  reduce 56


state 102
	expr : expr . PLUS expr  (49)
	expr : expr . MINUS expr  (50)
	expr : expr . TIMES expr  (51)
	expr : expr . DIVIDE expr  (52)
	expr : expr . EXP expr  (53)
	expr : expr . MOD expr  (54)
	expr : expr . MATMULT expr  (55)
	expr : expr . EQ expr  (56)
	expr : expr . NEQ expr  (57)
	expr : expr NEQ expr .  (57)
	expr : expr . LT expr  (58)
	expr : expr . LEQ expr  (59)
	expr : expr . GT expr  (60)
	expr : expr . GEQ expr  (61)
	expr : expr . CONCAT expr  (62)

	PLUS  shift 56
	MINUS  shift 57
	TIMES  shift 58
	DIVIDE  shift 59
	EXP  shift 60
	MOD  shift 61
	MATMULT  shift 62
	LT  shift 65
	LEQ  shift 66
	GT  shift 67
	GEQ  shift 68
	CONCAT  shift 69
	RPAREN  reduce 57
	RBRACKET  reduce 57
	RCSUB  reduce 57
	SEMI  reduce 57
	COMMA  reduce 57
	EQ  reduce 57
	NEQ  reduce 57
	QMARK  reduce 57


state 103
	expr : expr . PLUS expr  (49)
	expr : expr . MINUS expr  (50)
	expr : expr . TIMES expr  (51)
	expr : expr . DIVIDE expr  (52)
	expr : expr . EXP expr  (53)
	expr : expr . MOD expr  (54)
	expr : expr . MATMULT expr  (55)
	expr : expr . EQ expr  (56)
	expr : expr . NEQ expr  (57)
	expr : expr . LT expr  (58)
	expr : expr LT expr .  (58)
	expr : expr . LEQ expr  (59)
	expr : expr . GT expr  (60)
	expr : expr . GEQ expr  (61)
	expr : expr . CONCAT expr  (62)

	PLUS  shift 56
	MINUS  shift 57
	TIMES  shift 58
	DIVIDE  shift 59
	EXP  shift 60
	MOD  shift 61
	MATMULT  shift 62
	CONCAT  shift 69
	RPAREN  reduce 58
	RBRACKET  reduce 58
	RCSUB  reduce 58
	SEMI  reduce 58
	COMMA  reduce 58
	EQ  reduce 58
	NEQ  reduce 58
	LT  reduce 58
	LEQ  reduce 58
	GT  reduce 58
	GEQ  reduce 58
	QMARK  reduce 58


state 104
	expr : expr . PLUS expr  (49)
	expr : expr . MINUS expr  (50)
	expr : expr . TIMES expr  (51)
	expr : expr . DIVIDE expr  (52)
	expr : expr . EXP expr  (53)
	expr : expr . MOD expr  (54)
	expr : expr . MATMULT expr  (55)
	expr : expr . EQ expr  (56)
	expr : expr . NEQ expr  (57)
	expr : expr . LT expr  (58)
	expr : expr . LEQ expr  (59)
	expr : expr LEQ expr .  (59)
	expr : expr . GT expr  (60)
	expr : expr . GEQ expr  (61)
	expr : expr . CONCAT expr  (62)

	PLUS  shift 56
	MINUS  shift 57
	TIMES  shift 58
	DIVIDE  shift 59
	EXP  shift 60
	MOD  shift 61
	MATMULT  shift 62
	CONCAT  shift 69
	RPAREN  reduce 59
	RBRACKET  reduce 59
	RCSUB  reduce 59
	SEMI  reduce 59
	COMMA  reduce 59
	EQ  reduce 59
	NEQ  reduce 59
	LT  reduce 59
	LEQ  reduce 59
	GT  reduce 59
	GEQ  reduce 59
	QMARK  reduce 59


state 105
	expr : expr . PLUS expr  (49)
	expr : expr . MINUS expr  (50)
	expr : expr . TIMES expr  (51)
	expr : expr . DIVIDE expr  (52)
	expr : expr . EXP expr  (53)
	expr : expr . MOD expr  (54)
	expr : expr . MATMULT expr  (55)
	expr : expr . EQ expr  (56)
	expr : expr . NEQ expr  (57)
	expr : expr . LT expr  (58)
	expr : expr . LEQ expr  (59)
	expr : expr . GT expr  (60)
	expr : expr GT expr .  (60)
	expr : expr . GEQ expr  (61)
	expr : expr . CONCAT expr  (62)

	PLUS  shift 56
	MINUS  shift 57
	TIMES  shift 58
	DIVIDE  shift 59
	EXP  shift 60
	MOD  shift 61
	MATMULT  shift 62
	CONCAT  shift 69
	RPAREN  reduce 60
	RBRACKET  reduce 60
	RCSUB  reduce 60
	SEMI  reduce 60
	COMMA  reduce 60
	EQ  reduce 60
	NEQ  reduce 60
	LT  reduce 60
	LEQ  reduce 60
	GT  reduce 60
	GEQ  reduce 60
	QMARK  reduce 60


state 106
	expr : expr . PLUS expr  (49)
	expr : expr . MINUS expr  (50)
	expr : expr . TIMES expr  (51)
	expr : expr . DIVIDE expr  (52)
	expr : expr . EXP expr  (53)
	expr : expr . MOD expr  (54)
	expr : expr . MATMULT expr  (55)
	expr : expr . EQ expr  (56)
	expr : expr . NEQ expr  (57)
	expr : expr . LT expr  (58)
	expr : expr . LEQ expr  (59)
	expr : expr . GT expr  (60)
	expr : expr . GEQ expr  (61)
	expr : expr GEQ expr .  (61)
	expr : expr . CONCAT expr  (62)

	PLUS  shift 56
	MINUS  shift 57
	TIMES  shift 58
	DIVIDE  shift 59
	EXP  shift 60
	MOD  shift 61
	MATMULT  shift 62
	CONCAT  shift 69
	RPAREN  reduce 61
	RBRACKET  reduce 61
	RCSUB  reduce 61
	SEMI  reduce 61
	COMMA  reduce 61
	EQ  reduce 61
	NEQ  reduce 61
	LT  reduce 61
	LEQ  reduce 61
	GT  reduce 61
	GEQ  reduce 61
	QMARK  reduce 61


state 107
	expr : expr . PLUS expr  (49)
	expr : expr . MINUS expr  (50)
	expr : expr . TIMES expr  (51)
	expr : expr . DIVIDE expr  (52)
	expr : expr . EXP expr  (53)
	expr : expr . MOD expr  (54)
	expr : expr . MATMULT expr  (55)
	expr : expr . EQ expr  (56)
	expr : expr . NEQ expr  (57)
	expr : expr . LT expr  (58)
	expr : expr . LEQ expr  (59)
	expr : expr . GT expr  (60)
	expr : expr . GEQ expr  (61)
	expr : expr . CONCAT expr  (62)
	expr : expr CONCAT expr .  (62)

	TIMES  shift 58
	DIVIDE  shift 59
	EXP  shift 60
	MOD  shift 61
	MATMULT  shift 62
	RPAREN  reduce 62
	RBRACKET  reduce 62
	RCSUB  reduce 62
	SEMI  reduce 62
	COMMA  reduce 62
	PLUS  reduce 62
	MINUS  reduce 62
	EQ  reduce 62
	NEQ  reduce 62
	LT  reduce 62
	LEQ  reduce 62
	GT  reduce 62
	GEQ  reduce 62
	CONCAT  reduce 62
	QMARK  reduce 62


state 108
	assign_lval : assign_lval LBRACKET expr . RBRACKET  (40)
	expr : expr . PLUS expr  (49)
	expr : expr . MINUS expr  (50)
	expr : expr . TIMES expr  (51)
	expr : expr . DIVIDE expr  (52)
	expr : expr . EXP expr  (53)
	expr : expr . MOD expr  (54)
	expr : expr . MATMULT expr  (55)
	expr : expr . EQ expr  (56)
	expr : expr . NEQ expr  (57)
	expr : expr . LT expr  (58)
	expr : expr . LEQ expr  (59)
	expr : expr . GT expr  (60)
	expr : expr . GEQ expr  (61)
	expr : expr . CONCAT expr  (62)

	RBRACKET  shift 133
	PLUS  shift 56
	MINUS  shift 57
	TIMES  shift 58
	DIVIDE  shift 59
	EXP  shift 60
	MOD  shift 61
	MATMULT  shift 62
	EQ  shift 63
	NEQ  shift 64
	LT  shift 65
	LEQ  shift 66
	GT  shift 67
	GEQ  shift 68
	CONCAT  shift 69
	.  error


state 109
	assign_stmt : assign_lval ASSIGN expr . SEMI  (41)
	expr : expr . PLUS expr  (49)
	expr : expr . MINUS expr  (50)
	expr : expr . TIMES expr  (51)
	expr : expr . DIVIDE expr  (52)
	expr : expr . EXP expr  (53)
	expr : expr . MOD expr  (54)
	expr : expr . MATMULT expr  (55)
	expr : expr . EQ expr  (56)
	expr : expr . NEQ expr  (57)
	expr : expr . LT expr  (58)
	expr : expr . LEQ expr  (59)
	expr : expr . GT expr  (60)
	expr : expr . GEQ expr  (61)
	expr : expr . CONCAT expr  (62)

	SEMI  shift 134
	PLUS  shift 56
	MINUS  shift 57
	TIMES  shift 58
	DIVIDE  shift 59
	EXP  shift 60
	MOD  shift 61
	MATMULT  shift 62
	EQ  shift 63
	NEQ  shift 64
	LT  shift 65
	LEQ  shift 66
	GT  shift 67
	GEQ  shift 68
	CONCAT  shift 69
	.  error


state 110
	expr : expr . PLUS expr  (49)
	expr : expr . MINUS expr  (50)
	expr : expr . TIMES expr  (51)
	expr : expr . DIVIDE expr  (52)
	expr : expr . EXP expr  (53)
	expr : expr . MOD expr  (54)
	expr : expr . MATMULT expr  (55)
	expr : expr . EQ expr  (56)
	expr : expr . NEQ expr  (57)
	expr : expr . LT expr  (58)
	expr : expr . LEQ expr  (59)
	expr : expr . GT expr  (60)
	expr : expr . GEQ expr  (61)
	expr : expr . CONCAT expr  (62)
	list_expr_list : list_expr_list COMMA expr .  (106)

	PLUS  shift 56
	MINUS  shift 57
	TIMES  shift 58
	DIVIDE  shift 59
	EXP  shift 60
	MOD  shift 61
	MATMULT  shift 62
	EQ  shift 63
	NEQ  shift 64
	LT  shift 65
	LEQ  shift 66
	GT  shift 67
	GEQ  shift 68
	CONCAT  shift 69
	RBRACKET  reduce 106
	COMMA  reduce 106


state 111
	expr : PIPE func_param_list PIPE POINT . PIPE func_expr PIPE  (47)

	PIPE  shift 135
	.  error


state 112
	func_param_list : func_param_list COMMA ID .  (75)

	.  reduce 75


state 113
	matrix_rows_list : matrix_rows_list SEMI matrix_row_contents .  (108)
	matrix_row_contents : matrix_row_contents . COMMA expr  (110)

	COMMA  shift 81
	RBRACKET  reduce 108
	SEMI  reduce 108


state 114
	expr : expr . PLUS expr  (49)
	expr : expr . MINUS expr  (50)
	expr : expr . TIMES expr  (51)
	expr : expr . DIVIDE expr  (52)
	expr : expr . EXP expr  (53)
	expr : expr . MOD expr  (54)
	expr : expr . MATMULT expr  (55)
	expr : expr . EQ expr  (56)
	expr : expr . NEQ expr  (57)
	expr : expr . LT expr  (58)
	expr : expr . LEQ expr  (59)
	expr : expr . GT expr  (60)
	expr : expr . GEQ expr  (61)
	expr : expr . CONCAT expr  (62)
	matrix_row_contents : matrix_row_contents COMMA expr .  (110)

	PLUS  shift 56
	MINUS  shift 57
	TIMES  shift 58
	DIVIDE  shift 59
	EXP  shift 60
	MOD  shift 61
	MATMULT  shift 62
	EQ  shift 63
	NEQ  shift 64
	LT  shift 65
	LEQ  shift 66
	GT  shift 67
	GEQ  shift 68
	CONCAT  shift 69
	RBRACKET  reduce 110
	SEMI  reduce 110
	COMMA  reduce 110


state 115
	expr : FLOG LPAREN param_list_call RPAREN .  (66)

	.  reduce 66


state 116
	param_list_call : param_list_call COMMA . expr  (102)

	LPAREN  shift 5
	LBRACKET  shift 7
	PIPE  shift 8
	MATRIX  shift 9
	MINUS  shift 10
	FLOG  shift 11
	FLN  shift 12
	FCOS  shift 13
	FSIN  shift 14
	NOT  shift 15
	LITINT  shift 21
	LITFLOAT  shift 22
	LITSTRING  shift 23
	ID  shift 30
	.  error

	expr  goto 136


state 117
	expr : FLN LPAREN param_list_call RPAREN .  (67)

	.  reduce 67


state 118
	expr : FCOS LPAREN param_list_call RPAREN .  (68)

	.  reduce 68


state 119
	expr : FSIN LPAREN param_list_call RPAREN .  (69)

	.  reduce 69


state 120
	stmt : MATCH LPAREN expr RPAREN . LBRACE match_list RBRACE  (18)

	LBRACE  shift 137
	.  error


state 121
	basic_type : MATRIX .  (14)

	.  reduce 14


state 122
	basic_type : NUM .  (11)

	.  reduce 11


state 123
	basic_type : STRING .  (12)

	.  reduce 12


state 124
	basic_type : FUNC .  (13)

	.  reduce 13


state 125
	sdecl : SUB ID LPAREN param_list_opt . RPAREN LBRACE stmt_list RBRACE  (4)

	RPAREN  shift 138
	.  error


state 126
	param_list_opt : param_list .  (6)
	param_list : param_list . COMMA var_type ID  (8)

	COMMA  shift 139
	RPAREN  reduce 6


state 127
	param_list : var_type . ID  (7)
	var_type : var_type . LBRACKET RBRACKET  (10)

	LBRACKET  shift 140
	ID  shift 141
	.  error


state 128
	var_type : basic_type .  (9)

	.  reduce 9


state 129
	assign_stmt : CONST ID ASSIGN expr . SEMI  (42)
	expr : expr . PLUS expr  (49)
	expr : expr . MINUS expr  (50)
	expr : expr . TIMES expr  (51)
	expr : expr . DIVIDE expr  (52)
	expr : expr . EXP expr  (53)
	expr : expr . MOD expr  (54)
	expr : expr . MATMULT expr  (55)
	expr : expr . EQ expr  (56)
	expr : expr . NEQ expr  (57)
	expr : expr . LT expr  (58)
	expr : expr . LEQ expr  (59)
	expr : expr . GT expr  (60)
	expr : expr . GEQ expr  (61)
	expr : expr . CONCAT expr  (62)

	SEMI  shift 142
	PLUS  shift 56
	MINUS  shift 57
	TIMES  shift 58
	DIVIDE  shift 59
	EXP  shift 60
	MOD  shift 61
	MATMULT  shift 62
	EQ  shift 63
	NEQ  shift 64
	LT  shift 65
	LEQ  shift 66
	GT  shift 67
	GEQ  shift 68
	CONCAT  shift 69
	.  error


state 130
	assign_stmt : EXTERN assign_lval ASSIGN expr . SEMI  (43)
	expr : expr . PLUS expr  (49)
	expr : expr . MINUS expr  (50)
	expr : expr . TIMES expr  (51)
	expr : expr . DIVIDE expr  (52)
	expr : expr . EXP expr  (53)
	expr : expr . MOD expr  (54)
	expr : expr . MATMULT expr  (55)
	expr : expr . EQ expr  (56)
	expr : expr . NEQ expr  (57)
	expr : expr . LT expr  (58)
	expr : expr . LEQ expr  (59)
	expr : expr . GT expr  (60)
	expr : expr . GEQ expr  (61)
	expr : expr . CONCAT expr  (62)

	SEMI  shift 143
	PLUS  shift 56
	MINUS  shift 57
	TIMES  shift 58
	DIVIDE  shift 59
	EXP  shift 60
	MOD  shift 61
	MATMULT  shift 62
	EQ  shift 63
	NEQ  shift 64
	LT  shift 65
	LEQ  shift 66
	GT  shift 67
	GEQ  shift 68
	CONCAT  shift 69
	.  error


state 131
	expr : ID LPAREN param_list_call RPAREN .  (70)

	.  reduce 70


state 132
	expr : ID LCSUB param_list_call_opt RCSUB .  (71)

	.  reduce 71


state 133
	assign_lval : assign_lval LBRACKET expr RBRACKET .  (40)

	.  reduce 40


state 134
	assign_stmt : assign_lval ASSIGN expr SEMI .  (41)

	.  reduce 41


state 135
	expr : PIPE func_param_list PIPE POINT PIPE . func_expr PIPE  (47)

	LPAREN  shift 144
	MINUS  shift 145
	FLOG  shift 146
	FLN  shift 147
	FCOS  shift 148
	FSIN  shift 149
	NOT  shift 150
	LITINT  shift 151
	LITFLOAT  shift 152
	ID  shift 153
	.  error

	func_expr  goto 154


state 136
	expr : expr . PLUS expr  (49)
	expr : expr . MINUS expr  (50)
	expr : expr . TIMES expr  (51)
	expr : expr . DIVIDE expr  (52)
	expr : expr . EXP expr  (53)
	expr : expr . MOD expr  (54)
	expr : expr . MATMULT expr  (55)
	expr : expr . EQ expr  (56)
	expr : expr . NEQ expr  (57)
	expr : expr . LT expr  (58)
	expr : expr . LEQ expr  (59)
	expr : expr . GT expr  (60)
	expr : expr . GEQ expr  (61)
	expr : expr . CONCAT expr  (62)
	param_list_call : param_list_call COMMA expr .  (102)

	PLUS  shift 56
	MINUS  shift 57
	TIMES  shift 58
	DIVIDE  shift 59
	EXP  shift 60
	MOD  shift 61
	MATMULT  shift 62
	EQ  shift 63
	NEQ  shift 64
	LT  shift 65
	LEQ  shift 66
	GT  shift 67
	GEQ  shift 68
	CONCAT  shift 69
	RPAREN  reduce 102
	RCSUB  reduce 102
	COMMA  reduce 102


state 137
	stmt : MATCH LPAREN expr RPAREN LBRACE . match_list RBRACE  (18)


	match_list  goto 155


state 138
	sdecl : SUB ID LPAREN param_list_opt RPAREN . LBRACE stmt_list RBRACE  (4)

	LBRACE  shift 156
	.  error


state 139
	param_list : param_list COMMA . var_type ID  (8)

	MATRIX  shift 121
	NUM  shift 122
	STRING  shift 123
	FUNC  shift 124
	.  error

	var_type  goto 157
	basic_type  goto 128


state 140
	var_type : var_type LBRACKET . RBRACKET  (10)

	RBRACKET  shift 158
	.  error


state 141
	param_list : var_type ID .  (7)

	.  reduce 7


state 142
	assign_stmt : CONST ID ASSIGN expr SEMI .  (42)

	.  reduce 42


state 143
	assign_stmt : EXTERN assign_lval ASSIGN expr SEMI .  (43)

	.  reduce 43


state 144
	func_expr : LPAREN . func_expr RPAREN  (93)

	LPAREN  shift 144
	MINUS  shift 145
	FLOG  shift 146
	FLN  shift 147
	FCOS  shift 148
	FSIN  shift 149
	NOT  shift 150
	LITINT  shift 151
	LITFLOAT  shift 152
	ID  shift 153
	.  error

	func_expr  goto 159


state 145
	func_expr : MINUS . func_expr  (91)

	LPAREN  shift 144
	MINUS  shift 145
	FLOG  shift 146
	FLN  shift 147
	FCOS  shift 148
	FSIN  shift 149
	NOT  shift 150
	LITINT  shift 151
	LITFLOAT  shift 152
	ID  shift 153
	.  error

	func_expr  goto 160


state 146
	func_expr : FLOG . LPAREN param_list_call RPAREN  (94)

	LPAREN  shift 161
	.  error


state 147
	func_expr : FLN . LPAREN param_list_call RPAREN  (95)

	LPAREN  shift 162
	.  error


state 148
	func_expr : FCOS . LPAREN param_list_call RPAREN  (96)

	LPAREN  shift 163
	.  error


state 149
	func_expr : FSIN . LPAREN param_list_call RPAREN  (97)

	LPAREN  shift 164
	.  error


state 150
	func_expr : NOT . func_expr  (92)

	LPAREN  shift 144
	MINUS  shift 145
	FLOG  shift 146
	FLN  shift 147
	FCOS  shift 148
	FSIN  shift 149
	NOT  shift 150
	LITINT  shift 151
	LITFLOAT  shift 152
	ID  shift 153
	.  error

	func_expr  goto 165


state 151
	func_expr : LITINT .  (76)

	.  reduce 76


state 152
	func_expr : LITFLOAT .  (77)

	.  reduce 77


state 153
	func_expr : ID .  (78)
	func_expr : ID . LPAREN param_list_call RPAREN  (98)

	LPAREN  shift 166
	RPAREN  reduce 78
	PIPE  reduce 78
	PLUS  reduce 78
	MINUS  reduce 78
	TIMES  reduce 78
	DIVIDE  reduce 78
	EXP  reduce 78
	MOD  reduce 78
	EQ  reduce 78
	NEQ  reduce 78
	LT  reduce 78
	LEQ  reduce 78
	GT  reduce 78
	GEQ  reduce 78


state 154
	expr : PIPE func_param_list PIPE POINT PIPE func_expr . PIPE  (47)
	func_expr : func_expr . PLUS func_expr  (79)
	func_expr : func_expr . MINUS func_expr  (80)
	func_expr : func_expr . TIMES func_expr  (81)
	func_expr : func_expr . DIVIDE func_expr  (82)
	func_expr : func_expr . EXP func_expr  (83)
	func_expr : func_expr . MOD func_expr  (84)
	func_expr : func_expr . EQ func_expr  (85)
	func_expr : func_expr . NEQ func_expr  (86)
	func_expr : func_expr . LT func_expr  (87)
	func_expr : func_expr . LEQ func_expr  (88)
	func_expr : func_expr . GT func_expr  (89)
	func_expr : func_expr . GEQ func_expr  (90)

	PIPE  shift 167
	PLUS  shift 168
	MINUS  shift 169
	TIMES  shift 170
	DIVIDE  shift 171
	EXP  shift 172
	MOD  shift 173
	EQ  shift 174
	NEQ  shift 175
	LT  shift 176
	LEQ  shift 177
	GT  shift 178
	GEQ  shift 179
	.  error


state 155
	stmt : MATCH LPAREN expr RPAREN LBRACE match_list . RBRACE  (18)
	match_list : match_list . match_cmd  (23)
	flow_type : .  (25)

	RBRACE  shift 180
	DONE  shift 181
	CONT  shift 182
	LOOP  shift 183
	LPAREN  reduce 25
	LBRACKET  reduce 25
	PIPE  reduce 25
	MATRIX  reduce 25
	MINUS  reduce 25
	FLOG  reduce 25
	FLN  reduce 25
	FCOS  reduce 25
	FSIN  reduce 25
	NEQ  reduce 25
	NOT  reduce 25
	LT  reduce 25
	LEQ  reduce 25
	GT  reduce 25
	GEQ  reduce 25
	ANY  reduce 25
	TRUE  reduce 25
	DEFAULT  reduce 25
	LITINT  reduce 25
	LITFLOAT  reduce 25
	LITSTRING  reduce 25
	ID  reduce 25

	match_cmd  goto 184
	flow_type  goto 185


state 156
	sdecl : SUB ID LPAREN param_list_opt RPAREN LBRACE . stmt_list RBRACE  (4)
	stmt_list : .  (15)

	.  reduce 15

	stmt_list  goto 186


state 157
	param_list : param_list COMMA var_type . ID  (8)
	var_type : var_type . LBRACKET RBRACKET  (10)

	LBRACKET  shift 140
	ID  shift 187
	.  error


state 158
	var_type : var_type LBRACKET RBRACKET .  (10)

	.  reduce 10


state 159
	func_expr : func_expr . PLUS func_expr  (79)
	func_expr : func_expr . MINUS func_expr  (80)
	func_expr : func_expr . TIMES func_expr  (81)
	func_expr : func_expr . DIVIDE func_expr  (82)
	func_expr : func_expr . EXP func_expr  (83)
	func_expr : func_expr . MOD func_expr  (84)
	func_expr : func_expr . EQ func_expr  (85)
	func_expr : func_expr . NEQ func_expr  (86)
	func_expr : func_expr . LT func_expr  (87)
	func_expr : func_expr . LEQ func_expr  (88)
	func_expr : func_expr . GT func_expr  (89)
	func_expr : func_expr . GEQ func_expr  (90)
	func_expr : LPAREN func_expr . RPAREN  (93)

	RPAREN  shift 188
	PLUS  shift 168
	MINUS  shift 169
	TIMES  shift 170
	DIVIDE  shift 171
	EXP  shift 172
	MOD  shift 173
	EQ  shift 174
	NEQ  shift 175
	LT  shift 176
	LEQ  shift 177
	GT  shift 178
	GEQ  shift 179
	.  error


state 160
	func_expr : func_expr . PLUS func_expr  (79)
	func_expr : func_expr . MINUS func_expr  (80)
	func_expr : func_expr . TIMES func_expr  (81)
	func_expr : func_expr . DIVIDE func_expr  (82)
	func_expr : func_expr . EXP func_expr  (83)
	func_expr : func_expr . MOD func_expr  (84)
	func_expr : func_expr . EQ func_expr  (85)
	func_expr : func_expr . NEQ func_expr  (86)
	func_expr : func_expr . LT func_expr  (87)
	func_expr : func_expr . LEQ func_expr  (88)
	func_expr : func_expr . GT func_expr  (89)
	func_expr : func_expr . GEQ func_expr  (90)
	func_expr : MINUS func_expr .  (91)

	TIMES  shift 170
	DIVIDE  shift 171
	EXP  shift 172
	MOD  shift 173
	RPAREN  reduce 91
	PIPE  reduce 91
	PLUS  reduce 91
	MINUS  reduce 91
	EQ  reduce 91
	NEQ  reduce 91
	LT  reduce 91
	LEQ  reduce 91
	GT  reduce 91
	GEQ  reduce 91


state 161
	func_expr : FLOG LPAREN . param_list_call RPAREN  (94)

	LPAREN  shift 5
	LBRACKET  shift 7
	PIPE  shift 8
	MATRIX  shift 9
	MINUS  shift 10
	FLOG  shift 11
	FLN  shift 12
	FCOS  shift 13
	FSIN  shift 14
	NOT  shift 15
	LITINT  shift 21
	LITFLOAT  shift 22
	LITSTRING  shift 23
	ID  shift 30
	.  error

	expr  goto 82
	param_list_call  goto 189


state 162
	func_expr : FLN LPAREN . param_list_call RPAREN  (95)

	LPAREN  shift 5
	LBRACKET  shift 7
	PIPE  shift 8
	MATRIX  shift 9
	MINUS  shift 10
	FLOG  shift 11
	FLN  shift 12
	FCOS  shift 13
	FSIN  shift 14
	NOT  shift 15
	LITINT  shift 21
	LITFLOAT  shift 22
	LITSTRING  shift 23
	ID  shift 30
	.  error

	expr  goto 82
	param_list_call  goto 190


state 163
	func_expr : FCOS LPAREN . param_list_call RPAREN  (96)

	LPAREN  shift 5
	LBRACKET  shift 7
	PIPE  shift 8
	MATRIX  shift 9
	MINUS  shift 10
	FLOG  shift 11
	FLN  shift 12
	FCOS  shift 13
	FSIN  shift 14
	NOT  shift 15
	LITINT  shift 21
	LITFLOAT  shift 22
	LITSTRING  shift 23
	ID  shift 30
	.  error

	expr  goto 82
	param_list_call  goto 191


state 164
	func_expr : FSIN LPAREN . param_list_call RPAREN  (97)

	LPAREN  shift 5
	LBRACKET  shift 7
	PIPE  shift 8
	MATRIX  shift 9
	MINUS  shift 10
	FLOG  shift 11
	FLN  shift 12
	FCOS  shift 13
	FSIN  shift 14
	NOT  shift 15
	LITINT  shift 21
	LITFLOAT  shift 22
	LITSTRING  shift 23
	ID  shift 30
	.  error

	expr  goto 82
	param_list_call  goto 192


state 165
	func_expr : func_expr . PLUS func_expr  (79)
	func_expr : func_expr . MINUS func_expr  (80)
	func_expr : func_expr . TIMES func_expr  (81)
	func_expr : func_expr . DIVIDE func_expr  (82)
	func_expr : func_expr . EXP func_expr  (83)
	func_expr : func_expr . MOD func_expr  (84)
	func_expr : func_expr . EQ func_expr  (85)
	func_expr : func_expr . NEQ func_expr  (86)
	func_expr : func_expr . LT func_expr  (87)
	func_expr : func_expr . LEQ func_expr  (88)
	func_expr : func_expr . GT func_expr  (89)
	func_expr : func_expr . GEQ func_expr  (90)
	func_expr : NOT func_expr .  (92)

	.  reduce 92


state 166
	func_expr : ID LPAREN . param_list_call RPAREN  (98)

	LPAREN  shift 5
	LBRACKET  shift 7
	PIPE  shift 8
	MATRIX  shift 9
	MINUS  shift 10
	FLOG  shift 11
	FLN  shift 12
	FCOS  shift 13
	FSIN  shift 14
	NOT  shift 15
	LITINT  shift 21
	LITFLOAT  shift 22
	LITSTRING  shift 23
	ID  shift 30
	.  error

	expr  goto 82
	param_list_call  goto 193


state 167
	expr : PIPE func_param_list PIPE POINT PIPE func_expr PIPE .  (47)

	.  reduce 47


state 168
	func_expr : func_expr PLUS . func_expr  (79)

	LPAREN  shift 144
	MINUS  shift 145
	FLOG  shift 146
	FLN  shift 147
	FCOS  shift 148
	FSIN  shift 149
	NOT  shift 150
	LITINT  shift 151
	LITFLOAT  shift 152
	ID  shift 153
	.  error

	func_expr  goto 194


state 169
	func_expr : func_expr MINUS . func_expr  (80)

	LPAREN  shift 144
	MINUS  shift 145
	FLOG  shift 146
	FLN  shift 147
	FCOS  shift 148
	FSIN  shift 149
	NOT  shift 150
	LITINT  shift 151
	LITFLOAT  shift 152
	ID  shift 153
	.  error

	func_expr  goto 195


state 170
	func_expr : func_expr TIMES . func_expr  (81)

	LPAREN  shift 144
	MINUS  shift 145
	FLOG  shift 146
	FLN  shift 147
	FCOS  shift 148
	FSIN  shift 149
	NOT  shift 150
	LITINT  shift 151
	LITFLOAT  shift 152
	ID  shift 153
	.  error

	func_expr  goto 196


state 171
	func_expr : func_expr DIVIDE . func_expr  (82)

	LPAREN  shift 144
	MINUS  shift 145
	FLOG  shift 146
	FLN  shift 147
	FCOS  shift 148
	FSIN  shift 149
	NOT  shift 150
	LITINT  shift 151
	LITFLOAT  shift 152
	ID  shift 153
	.  error

	func_expr  goto 197


state 172
	func_expr : func_expr EXP . func_expr  (83)

	LPAREN  shift 144
	MINUS  shift 145
	FLOG  shift 146
	FLN  shift 147
	FCOS  shift 148
	FSIN  shift 149
	NOT  shift 150
	LITINT  shift 151
	LITFLOAT  shift 152
	ID  shift 153
	.  error

	func_expr  goto 198


state 173
	func_expr : func_expr MOD . func_expr  (84)

	LPAREN  shift 144
	MINUS  shift 145
	FLOG  shift 146
	FLN  shift 147
	FCOS  shift 148
	FSIN  shift 149
	NOT  shift 150
	LITINT  shift 151
	LITFLOAT  shift 152
	ID  shift 153
	.  error

	func_expr  goto 199


state 174
	func_expr : func_expr EQ . func_expr  (85)

	LPAREN  shift 144
	MINUS  shift 145
	FLOG  shift 146
	FLN  shift 147
	FCOS  shift 148
	FSIN  shift 149
	NOT  shift 150
	LITINT  shift 151
	LITFLOAT  shift 152
	ID  shift 153
	.  error

	func_expr  goto 200


state 175
	func_expr : func_expr NEQ . func_expr  (86)

	LPAREN  shift 144
	MINUS  shift 145
	FLOG  shift 146
	FLN  shift 147
	FCOS  shift 148
	FSIN  shift 149
	NOT  shift 150
	LITINT  shift 151
	LITFLOAT  shift 152
	ID  shift 153
	.  error

	func_expr  goto 201


state 176
	func_expr : func_expr LT . func_expr  (87)

	LPAREN  shift 144
	MINUS  shift 145
	FLOG  shift 146
	FLN  shift 147
	FCOS  shift 148
	FSIN  shift 149
	NOT  shift 150
	LITINT  shift 151
	LITFLOAT  shift 152
	ID  shift 153
	.  error

	func_expr  goto 202


state 177
	func_expr : func_expr LEQ . func_expr  (88)

	LPAREN  shift 144
	MINUS  shift 145
	FLOG  shift 146
	FLN  shift 147
	FCOS  shift 148
	FSIN  shift 149
	NOT  shift 150
	LITINT  shift 151
	LITFLOAT  shift 152
	ID  shift 153
	.  error

	func_expr  goto 203


state 178
	func_expr : func_expr GT . func_expr  (89)

	LPAREN  shift 144
	MINUS  shift 145
	FLOG  shift 146
	FLN  shift 147
	FCOS  shift 148
	FSIN  shift 149
	NOT  shift 150
	LITINT  shift 151
	LITFLOAT  shift 152
	ID  shift 153
	.  error

	func_expr  goto 204


state 179
	func_expr : func_expr GEQ . func_expr  (90)

	LPAREN  shift 144
	MINUS  shift 145
	FLOG  shift 146
	FLN  shift 147
	FCOS  shift 148
	FSIN  shift 149
	NOT  shift 150
	LITINT  shift 151
	LITFLOAT  shift 152
	ID  shift 153
	.  error

	func_expr  goto 205


state 180
	stmt : MATCH LPAREN expr RPAREN LBRACE match_list RBRACE .  (18)

	.  reduce 18


state 181
	flow_type : DONE .  (27)

	.  reduce 27


state 182
	flow_type : CONT .  (26)

	.  reduce 26


state 183
	flow_type : LOOP .  (28)

	.  reduce 28


state 184
	match_list : match_list match_cmd .  (23)

	.  reduce 23


state 185
	match_cmd : flow_type . match_cond QMARK stmt  (24)

	LPAREN  shift 5
	LBRACKET  shift 7
	PIPE  shift 8
	MATRIX  shift 9
	MINUS  shift 10
	FLOG  shift 11
	FLN  shift 12
	FCOS  shift 13
	FSIN  shift 14
	NEQ  shift 206
	NOT  shift 15
	LT  shift 207
	LEQ  shift 208
	GT  shift 209
	GEQ  shift 210
	ANY  shift 211
	TRUE  shift 212
	DEFAULT  shift 213
	LITINT  shift 21
	LITFLOAT  shift 22
	LITSTRING  shift 23
	ID  shift 30
	.  error

	expr  goto 214
	match_cond  goto 215
	match_cmp  goto 216


state 186
	sdecl : SUB ID LPAREN param_list_opt RPAREN LBRACE stmt_list . RBRACE  (4)
	stmt_list : stmt_list . stmt  (16)

	LPAREN  shift 5
	LBRACE  shift 6
	RBRACE  shift 217
	LBRACKET  shift 7
	PIPE  shift 8
	MATRIX  shift 9
	MINUS  shift 10
	FLOG  shift 11
	FLN  shift 12
	FCOS  shift 13
	FSIN  shift 14
	NOT  shift 15
	MATCH  shift 16
	PASS  shift 17
	SUB  shift 18
	CONST  shift 19
	EXTERN  shift 20
	LITINT  shift 21
	LITFLOAT  shift 22
	LITSTRING  shift 23
	ID  shift 24
	.  error

	stmt  goto 74
	sdecl  goto 26
	expr  goto 27
	assign_stmt  goto 28
	assign_lval  goto 29


state 187
	param_list : param_list COMMA var_type ID .  (8)

	.  reduce 8


state 188
	func_expr : LPAREN func_expr RPAREN .  (93)

	.  reduce 93


state 189
	func_expr : FLOG LPAREN param_list_call . RPAREN  (94)
	param_list_call : param_list_call . COMMA expr  (102)

	RPAREN  shift 218
	COMMA  shift 116
	.  error


state 190
	func_expr : FLN LPAREN param_list_call . RPAREN  (95)
	param_list_call : param_list_call . COMMA expr  (102)

	RPAREN  shift 219
	COMMA  shift 116
	.  error


state 191
	func_expr : FCOS LPAREN param_list_call . RPAREN  (96)
	param_list_call : param_list_call . COMMA expr  (102)

	RPAREN  shift 220
	COMMA  shift 116
	.  error


state 192
	func_expr : FSIN LPAREN param_list_call . RPAREN  (97)
	param_list_call : param_list_call . COMMA expr  (102)

	RPAREN  shift 221
	COMMA  shift 116
	.  error


state 193
	func_expr : ID LPAREN param_list_call . RPAREN  (98)
	param_list_call : param_list_call . COMMA expr  (102)

	RPAREN  shift 222
	COMMA  shift 116
	.  error


state 194
	func_expr : func_expr . PLUS func_expr  (79)
	func_expr : func_expr PLUS func_expr .  (79)
	func_expr : func_expr . MINUS func_expr  (80)
	func_expr : func_expr . TIMES func_expr  (81)
	func_expr : func_expr . DIVIDE func_expr  (82)
	func_expr : func_expr . EXP func_expr  (83)
	func_expr : func_expr . MOD func_expr  (84)
	func_expr : func_expr . EQ func_expr  (85)
	func_expr : func_expr . NEQ func_expr  (86)
	func_expr : func_expr . LT func_expr  (87)
	func_expr : func_expr . LEQ func_expr  (88)
	func_expr : func_expr . GT func_expr  (89)
	func_expr : func_expr . GEQ func_expr  (90)

	TIMES  shift 170
	DIVIDE  shift 171
	EXP  shift 172
	MOD  shift 173
	RPAREN  reduce 79
	PIPE  reduce 79
	PLUS  reduce 79
	MINUS  reduce 79
	EQ  reduce 79
	NEQ  reduce 79
	LT  reduce 79
	LEQ  reduce 79
	GT  reduce 79
	GEQ  reduce 79


state 195
	func_expr : func_expr . PLUS func_expr  (79)
	func_expr : func_expr . MINUS func_expr  (80)
	func_expr : func_expr MINUS func_expr .  (80)
	func_expr : func_expr . TIMES func_expr  (81)
	func_expr : func_expr . DIVIDE func_expr  (82)
	func_expr : func_expr . EXP func_expr  (83)
	func_expr : func_expr . MOD func_expr  (84)
	func_expr : func_expr . EQ func_expr  (85)
	func_expr : func_expr . NEQ func_expr  (86)
	func_expr : func_expr . LT func_expr  (87)
	func_expr : func_expr . LEQ func_expr  (88)
	func_expr : func_expr . GT func_expr  (89)
	func_expr : func_expr . GEQ func_expr  (90)

	TIMES  shift 170
	DIVIDE  shift 171
	EXP  shift 172
	MOD  shift 173
	RPAREN  reduce 80
	PIPE  reduce 80
	PLUS  reduce 80
	MINUS  reduce 80
	EQ  reduce 80
	NEQ  reduce 80
	LT  reduce 80
	LEQ  reduce 80
	GT  reduce 80
	GEQ  reduce 80


state 196
	func_expr : func_expr . PLUS func_expr  (79)
	func_expr : func_expr . MINUS func_expr  (80)
	func_expr : func_expr . TIMES func_expr  (81)
	func_expr : func_expr TIMES func_expr .  (81)
	func_expr : func_expr . DIVIDE func_expr  (82)
	func_expr : func_expr . EXP func_expr  (83)
	func_expr : func_expr . MOD func_expr  (84)
	func_expr : func_expr . EQ func_expr  (85)
	func_expr : func_expr . NEQ func_expr  (86)
	func_expr : func_expr . LT func_expr  (87)
	func_expr : func_expr . LEQ func_expr  (88)
	func_expr : func_expr . GT func_expr  (89)
	func_expr : func_expr . GEQ func_expr  (90)

	EXP  shift 172
	RPAREN  reduce 81
	PIPE  reduce 81
	PLUS  reduce 81
	MINUS  reduce 81
	TIMES  reduce 81
	DIVIDE  reduce 81
	MOD  reduce 81
	EQ  reduce 81
	NEQ  reduce 81
	LT  reduce 81
	LEQ  reduce 81
	GT  reduce 81
	GEQ  reduce 81


state 197
	func_expr : func_expr . PLUS func_expr  (79)
	func_expr : func_expr . MINUS func_expr  (80)
	func_expr : func_expr . TIMES func_expr  (81)
	func_expr : func_expr . DIVIDE func_expr  (82)
	func_expr : func_expr DIVIDE func_expr .  (82)
	func_expr : func_expr . EXP func_expr  (83)
	func_expr : func_expr . MOD func_expr  (84)
	func_expr : func_expr . EQ func_expr  (85)
	func_expr : func_expr . NEQ func_expr  (86)
	func_expr : func_expr . LT func_expr  (87)
	func_expr : func_expr . LEQ func_expr  (88)
	func_expr : func_expr . GT func_expr  (89)
	func_expr : func_expr . GEQ func_expr  (90)

	EXP  shift 172
	RPAREN  reduce 82
	PIPE  reduce 82
	PLUS  reduce 82
	MINUS  reduce 82
	TIMES  reduce 82
	DIVIDE  reduce 82
	MOD  reduce 82
	EQ  reduce 82
	NEQ  reduce 82
	LT  reduce 82
	LEQ  reduce 82
	GT  reduce 82
	GEQ  reduce 82


state 198
	func_expr : func_expr . PLUS func_expr  (79)
	func_expr : func_expr . MINUS func_expr  (80)
	func_expr : func_expr . TIMES func_expr  (81)
	func_expr : func_expr . DIVIDE func_expr  (82)
	func_expr : func_expr . EXP func_expr  (83)
	func_expr : func_expr EXP func_expr .  (83)
	func_expr : func_expr . MOD func_expr  (84)
	func_expr : func_expr . EQ func_expr  (85)
	func_expr : func_expr . NEQ func_expr  (86)
	func_expr : func_expr . LT func_expr  (87)
	func_expr : func_expr . LEQ func_expr  (88)
	func_expr : func_expr . GT func_expr  (89)
	func_expr : func_expr . GEQ func_expr  (90)

	EXP  shift 172
	RPAREN  reduce 83
	PIPE  reduce 83
	PLUS  reduce 83
	MINUS  reduce 83
	TIMES  reduce 83
	DIVIDE  reduce 83
	MOD  reduce 83
	EQ  reduce 83
	NEQ  reduce 83
	LT  reduce 83
	LEQ  reduce 83
	GT  reduce 83
	GEQ  reduce 83


state 199
	func_expr : func_expr . PLUS func_expr  (79)
	func_expr : func_expr . MINUS func_expr  (80)
	func_expr : func_expr . TIMES func_expr  (81)
	func_expr : func_expr . DIVIDE func_expr  (82)
	func_expr : func_expr . EXP func_expr  (83)
	func_expr : func_expr . MOD func_expr  (84)
	func_expr : func_expr MOD func_expr .  (84)
	func_expr : func_expr . EQ func_expr  (85)
	func_expr : func_expr . NEQ func_expr  (86)
	func_expr : func_expr . LT func_expr  (87)
	func_expr : func_expr . LEQ func_expr  (88)
	func_expr : func_expr . GT func_expr  (89)
	func_expr : func_expr . GEQ func_expr  (90)

	EXP  shift 172
	RPAREN  reduce 84
	PIPE  reduce 84
	PLUS  reduce 84
	MINUS  reduce 84
	TIMES  reduce 84
	DIVIDE  reduce 84
	MOD  reduce 84
	EQ  reduce 84
	NEQ  reduce 84
	LT  reduce 84
	LEQ  reduce 84
	GT  reduce 84
	GEQ  reduce 84


state 200
	func_expr : func_expr . PLUS func_expr  (79)
	func_expr : func_expr . MINUS func_expr  (80)
	func_expr : func_expr . TIMES func_expr  (81)
	func_expr : func_expr . DIVIDE func_expr  (82)
	func_expr : func_expr . EXP func_expr  (83)
	func_expr : func_expr . MOD func_expr  (84)
	func_expr : func_expr . EQ func_expr  (85)
	func_expr : func_expr EQ func_expr .  (85)
	func_expr : func_expr . NEQ func_expr  (86)
	func_expr : func_expr . LT func_expr  (87)
	func_expr : func_expr . LEQ func_expr  (88)
	func_expr : func_expr . GT func_expr  (89)
	func_expr : func_expr . GEQ func_expr  (90)

	PLUS  shift 168
	MINUS  shift 169
	TIMES  shift 170
	DIVIDE  shift 171
	EXP  shift 172
	MOD  shift 173
	LT  shift 176
	LEQ  shift 177
	GT  shift 178
	GEQ  shift 179
	RPAREN  reduce 85
	PIPE  reduce 85
	EQ  reduce 85
	NEQ  reduce 85


state 201
	func_expr : func_expr . PLUS func_expr  (79)
	func_expr : func_expr . MINUS func_expr  (80)
	func_expr : func_expr . TIMES func_expr  (81)
	func_expr : func_expr . DIVIDE func_expr  (82)
	func_expr : func_expr . EXP func_expr  (83)
	func_expr : func_expr . MOD func_expr  (84)
	func_expr : func_expr . EQ func_expr  (85)
	func_expr : func_expr . NEQ func_expr  (86)
	func_expr : func_expr NEQ func_expr .  (86)
	func_expr : func_expr . LT func_expr  (87)
	func_expr : func_expr . LEQ func_expr  (88)
	func_expr : func_expr . GT func_expr  (89)
	func_expr : func_expr . GEQ func_expr  (90)

	PLUS  shift 168
	MINUS  shift 169
	TIMES  shift 170
	DIVIDE  shift 171
	EXP  shift 172
	MOD  shift 173
	LT  shift 176
	LEQ  shift 177
	GT  shift 178
	GEQ  shift 179
	RPAREN  reduce 86
	PIPE  reduce 86
	EQ  reduce 86
	NEQ  reduce 86


state 202
	func_expr : func_expr . PLUS func_expr  (79)
	func_expr : func_expr . MINUS func_expr  (80)
	func_expr : func_expr . TIMES func_expr  (81)
	func_expr : func_expr . DIVIDE func_expr  (82)
	func_expr : func_expr . EXP func_expr  (83)
	func_expr : func_expr . MOD func_expr  (84)
	func_expr : func_expr . EQ func_expr  (85)
	func_expr : func_expr . NEQ func_expr  (86)
	func_expr : func_expr . LT func_expr  (87)
	func_expr : func_expr LT func_expr .  (87)
	func_expr : func_expr . LEQ func_expr  (88)
	func_expr : func_expr . GT func_expr  (89)
	func_expr : func_expr . GEQ func_expr  (90)

	PLUS  shift 168
	MINUS  shift 169
	TIMES  shift 170
	DIVIDE  shift 171
	EXP  shift 172
	MOD  shift 173
	RPAREN  reduce 87
	PIPE  reduce 87
	EQ  reduce 87
	NEQ  reduce 87
	LT  reduce 87
	LEQ  reduce 87
	GT  reduce 87
	GEQ  reduce 87


state 203
	func_expr : func_expr . PLUS func_expr  (79)
	func_expr : func_expr . MINUS func_expr  (80)
	func_expr : func_expr . TIMES func_expr  (81)
	func_expr : func_expr . DIVIDE func_expr  (82)
	func_expr : func_expr . EXP func_expr  (83)
	func_expr : func_expr . MOD func_expr  (84)
	func_expr : func_expr . EQ func_expr  (85)
	func_expr : func_expr . NEQ func_expr  (86)
	func_expr : func_expr . LT func_expr  (87)
	func_expr : func_expr . LEQ func_expr  (88)
	func_expr : func_expr LEQ func_expr .  (88)
	func_expr : func_expr . GT func_expr  (89)
	func_expr : func_expr . GEQ func_expr  (90)

	PLUS  shift 168
	MINUS  shift 169
	TIMES  shift 170
	DIVIDE  shift 171
	EXP  shift 172
	MOD  shift 173
	RPAREN  reduce 88
	PIPE  reduce 88
	EQ  reduce 88
	NEQ  reduce 88
	LT  reduce 88
	LEQ  reduce 88
	GT  reduce 88
	GEQ  reduce 88


state 204
	func_expr : func_expr . PLUS func_expr  (79)
	func_expr : func_expr . MINUS func_expr  (80)
	func_expr : func_expr . TIMES func_expr  (81)
	func_expr : func_expr . DIVIDE func_expr  (82)
	func_expr : func_expr . EXP func_expr  (83)
	func_expr : func_expr . MOD func_expr  (84)
	func_expr : func_expr . EQ func_expr  (85)
	func_expr : func_expr . NEQ func_expr  (86)
	func_expr : func_expr . LT func_expr  (87)
	func_expr : func_expr . LEQ func_expr  (88)
	func_expr : func_expr . GT func_expr  (89)
	func_expr : func_expr GT func_expr .  (89)
	func_expr : func_expr . GEQ func_expr  (90)

	PLUS  shift 168
	MINUS  shift 169
	TIMES  shift 170
	DIVIDE  shift 171
	EXP  shift 172
	MOD  shift 173
	RPAREN  reduce 89
	PIPE  reduce 89
	EQ  reduce 89
	NEQ  reduce 89
	LT  reduce 89
	LEQ  reduce 89
	GT  reduce 89
	GEQ  reduce 89


state 205
	func_expr : func_expr . PLUS func_expr  (79)
	func_expr : func_expr . MINUS func_expr  (80)
	func_expr : func_expr . TIMES func_expr  (81)
	func_expr : func_expr . DIVIDE func_expr  (82)
	func_expr : func_expr . EXP func_expr  (83)
	func_expr : func_expr . MOD func_expr  (84)
	func_expr : func_expr . EQ func_expr  (85)
	func_expr : func_expr . NEQ func_expr  (86)
	func_expr : func_expr . LT func_expr  (87)
	func_expr : func_expr . LEQ func_expr  (88)
	func_expr : func_expr . GT func_expr  (89)
	func_expr : func_expr . GEQ func_expr  (90)
	func_expr : func_expr GEQ func_expr .  (90)

	PLUS  shift 168
	MINUS  shift 169
	TIMES  shift 170
	DIVIDE  shift 171
	EXP  shift 172
	MOD  shift 173
	RPAREN  reduce 90
	PIPE  reduce 90
	EQ  reduce 90
	NEQ  reduce 90
	LT  reduce 90
	LEQ  reduce 90
	GT  reduce 90
	GEQ  reduce 90


state 206
	match_cmp : NEQ .  (34)

	.  reduce 34


state 207
	match_cmp : LT .  (35)

	.  reduce 35


state 208
	match_cmp : LEQ .  (36)

	.  reduce 36


state 209
	match_cmp : GT .  (37)

	.  reduce 37


state 210
	match_cmp : GEQ .  (38)

	.  reduce 38


state 211
	match_cond : ANY .  (32)

	.  reduce 32


state 212
	match_cond : TRUE .  (31)

	.  reduce 31


state 213
	match_cond : DEFAULT .  (33)

	.  reduce 33


state 214
	match_cond : expr .  (30)
	expr : expr . PLUS expr  (49)
	expr : expr . MINUS expr  (50)
	expr : expr . TIMES expr  (51)
	expr : expr . DIVIDE expr  (52)
	expr : expr . EXP expr  (53)
	expr : expr . MOD expr  (54)
	expr : expr . MATMULT expr  (55)
	expr : expr . EQ expr  (56)
	expr : expr . NEQ expr  (57)
	expr : expr . LT expr  (58)
	expr : expr . LEQ expr  (59)
	expr : expr . GT expr  (60)
	expr : expr . GEQ expr  (61)
	expr : expr . CONCAT expr  (62)

	PLUS  shift 56
	MINUS  shift 57
	TIMES  shift 58
	DIVIDE  shift 59
	EXP  shift 60
	MOD  shift 61
	MATMULT  shift 62
	EQ  shift 63
	NEQ  shift 64
	LT  shift 65
	LEQ  shift 66
	GT  shift 67
	GEQ  shift 68
	CONCAT  shift 69
	QMARK  reduce 30


state 215
	match_cmd : flow_type match_cond . QMARK stmt  (24)

	QMARK  shift 223
	.  error


state 216
	match_cond : match_cmp . expr  (29)

	LPAREN  shift 5
	LBRACKET  shift 7
	PIPE  shift 8
	MATRIX  shift 9
	MINUS  shift 10
	FLOG  shift 11
	FLN  shift 12
	FCOS  shift 13
	FSIN  shift 14
	NOT  shift 15
	LITINT  shift 21
	LITFLOAT  shift 22
	LITSTRING  shift 23
	ID  shift 30
	.  error

	expr  goto 224


state 217
	sdecl : SUB ID LPAREN param_list_opt RPAREN LBRACE stmt_list RBRACE .  (4)

	.  reduce 4


state 218
	func_expr : FLOG LPAREN param_list_call RPAREN .  (94)

	.  reduce 94


state 219
	func_expr : FLN LPAREN param_list_call RPAREN .  (95)

	.  reduce 95


state 220
	func_expr : FCOS LPAREN param_list_call RPAREN .  (96)

	.  reduce 96


state 221
	func_expr : FSIN LPAREN param_list_call RPAREN .  (97)

	.  reduce 97


state 222
	func_expr : ID LPAREN param_list_call RPAREN .  (98)

	.  reduce 98


state 223
	match_cmd : flow_type match_cond QMARK . stmt  (24)

	LPAREN  shift 5
	LBRACE  shift 6
	LBRACKET  shift 7
	PIPE  shift 8
	MATRIX  shift 9
	MINUS  shift 10
	FLOG  shift 11
	FLN  shift 12
	FCOS  shift 13
	FSIN  shift 14
	NOT  shift 15
	MATCH  shift 16
	PASS  shift 17
	SUB  shift 18
	CONST  shift 19
	EXTERN  shift 20
	LITINT  shift 21
	LITFLOAT  shift 22
	LITSTRING  shift 23
	ID  shift 24
	.  error

	stmt  goto 225
	sdecl  goto 26
	expr  goto 27
	assign_stmt  goto 28
	assign_lval  goto 29


state 224
	match_cond : match_cmp expr .  (29)
	expr : expr . PLUS expr  (49)
	expr : expr . MINUS expr  (50)
	expr : expr . TIMES expr  (51)
	expr : expr . DIVIDE expr  (52)
	expr : expr . EXP expr  (53)
	expr : expr . MOD expr  (54)
	expr : expr . MATMULT expr  (55)
	expr : expr . EQ expr  (56)
	expr : expr . NEQ expr  (57)
	expr : expr . LT expr  (58)
	expr : expr . LEQ expr  (59)
	expr : expr . GT expr  (60)
	expr : expr . GEQ expr  (61)
	expr : expr . CONCAT expr  (62)

	PLUS  shift 56
	MINUS  shift 57
	TIMES  shift 58
	DIVIDE  shift 59
	EXP  shift 60
	MOD  shift 61
	MATMULT  shift 62
	EQ  shift 63
	NEQ  shift 64
	LT  shift 65
	LEQ  shift 66
	GT  shift 67
	GEQ  shift 68
	CONCAT  shift 69
	QMARK  reduce 29


state 225
	match_cmd : flow_type match_cond QMARK stmt .  (24)

	.  reduce 24


61 terminals, 27 nonterminals
112 grammar rules, 226 states
